TN:
SF:src/components/AIChatPanel.ts
FN:14,(anonymous_4)
FN:22,(anonymous_5)
FN:23,(anonymous_6)
FN:27,(anonymous_7)
FN:31,(anonymous_8)
FN:35,(anonymous_9)
FN:39,(anonymous_10)
FN:47,(anonymous_11)
FN:52,(anonymous_12)
FN:162,(anonymous_13)
FN:176,(anonymous_14)
FN:179,(anonymous_15)
FN:217,(anonymous_16)
FN:219,(anonymous_17)
FN:246,(anonymous_18)
FN:252,(anonymous_19)
FN:260,(anonymous_20)
FN:265,(anonymous_21)
FN:274,(anonymous_22)
FN:279,(anonymous_23)
FN:283,(anonymous_24)
FN:287,(anonymous_25)
FN:291,(anonymous_26)
FN:296,(anonymous_27)
FN:300,(anonymous_28)
FN:305,(anonymous_29)
FN:310,(anonymous_30)
FN:320,(anonymous_31)
FN:340,(anonymous_32)
FN:349,(anonymous_33)
FN:354,(anonymous_34)
FN:435,(anonymous_35)
FN:447,(anonymous_36)
FN:468,(anonymous_37)
FN:481,(anonymous_38)
FN:491,(anonymous_39)
FN:498,(anonymous_40)
FN:504,(anonymous_41)
FN:513,(anonymous_42)
FN:514,(anonymous_43)
FN:531,(anonymous_44)
FN:550,(anonymous_45)
FN:558,(anonymous_46)
FN:560,(anonymous_47)
FN:561,(anonymous_48)
FN:573,(anonymous_49)
FN:577,(anonymous_50)
FN:584,(anonymous_51)
FN:588,(anonymous_52)
FN:593,(anonymous_53)
FN:599,(anonymous_54)
FN:605,(anonymous_55)
FN:611,(anonymous_56)
FNF:53
FNH:0
FNDA:0,(anonymous_4)
FNDA:0,(anonymous_5)
FNDA:0,(anonymous_6)
FNDA:0,(anonymous_7)
FNDA:0,(anonymous_8)
FNDA:0,(anonymous_9)
FNDA:0,(anonymous_10)
FNDA:0,(anonymous_11)
FNDA:0,(anonymous_12)
FNDA:0,(anonymous_13)
FNDA:0,(anonymous_14)
FNDA:0,(anonymous_15)
FNDA:0,(anonymous_16)
FNDA:0,(anonymous_17)
FNDA:0,(anonymous_18)
FNDA:0,(anonymous_19)
FNDA:0,(anonymous_20)
FNDA:0,(anonymous_21)
FNDA:0,(anonymous_22)
FNDA:0,(anonymous_23)
FNDA:0,(anonymous_24)
FNDA:0,(anonymous_25)
FNDA:0,(anonymous_26)
FNDA:0,(anonymous_27)
FNDA:0,(anonymous_28)
FNDA:0,(anonymous_29)
FNDA:0,(anonymous_30)
FNDA:0,(anonymous_31)
FNDA:0,(anonymous_32)
FNDA:0,(anonymous_33)
FNDA:0,(anonymous_34)
FNDA:0,(anonymous_35)
FNDA:0,(anonymous_36)
FNDA:0,(anonymous_37)
FNDA:0,(anonymous_38)
FNDA:0,(anonymous_39)
FNDA:0,(anonymous_40)
FNDA:0,(anonymous_41)
FNDA:0,(anonymous_42)
FNDA:0,(anonymous_43)
FNDA:0,(anonymous_44)
FNDA:0,(anonymous_45)
FNDA:0,(anonymous_46)
FNDA:0,(anonymous_47)
FNDA:0,(anonymous_48)
FNDA:0,(anonymous_49)
FNDA:0,(anonymous_50)
FNDA:0,(anonymous_51)
FNDA:0,(anonymous_52)
FNDA:0,(anonymous_53)
FNDA:0,(anonymous_54)
FNDA:0,(anonymous_55)
FNDA:0,(anonymous_56)
DA:1,0
DA:2,0
DA:3,0
DA:4,0
DA:5,0
DA:8,0
DA:9,0
DA:10,0
DA:11,0
DA:12,0
DA:15,0
DA:16,0
DA:17,0
DA:19,0
DA:23,0
DA:24,0
DA:27,0
DA:28,0
DA:31,0
DA:32,0
DA:35,0
DA:36,0
DA:39,0
DA:40,0
DA:41,0
DA:42,0
DA:48,0
DA:49,0
DA:53,0
DA:55,0
DA:56,0
DA:58,0
DA:159,0
DA:163,0
DA:164,0
DA:176,0
DA:180,0
DA:181,0
DA:183,0
DA:219,0
DA:220,0
DA:221,0
DA:238,0
DA:241,0
DA:243,0
DA:247,0
DA:248,0
DA:249,0
DA:253,0
DA:255,0
DA:256,0
DA:259,0
DA:260,0
DA:261,0
DA:262,0
DA:265,0
DA:266,0
DA:267,0
DA:268,0
DA:274,0
DA:275,0
DA:279,0
DA:280,0
DA:283,0
DA:284,0
DA:287,0
DA:288,0
DA:291,0
DA:292,0
DA:296,0
DA:297,0
DA:300,0
DA:301,0
DA:305,0
DA:306,0
DA:310,0
DA:311,0
DA:313,0
DA:314,0
DA:315,0
DA:320,0
DA:321,0
DA:323,0
DA:324,0
DA:325,0
DA:326,0
DA:328,0
DA:331,0
DA:332,0
DA:333,0
DA:335,0
DA:341,0
DA:342,0
DA:344,0
DA:345,0
DA:350,0
DA:351,0
DA:355,0
DA:357,0
DA:358,0
DA:360,0
DA:363,0
DA:370,0
DA:371,0
DA:372,0
DA:375,0
DA:383,0
DA:384,0
DA:385,0
DA:386,0
DA:388,0
DA:390,0
DA:393,0
DA:399,0
DA:402,0
DA:405,0
DA:412,0
DA:413,0
DA:417,0
DA:420,0
DA:427,0
DA:429,0
DA:430,0
DA:431,0
DA:436,0
DA:437,0
DA:438,0
DA:440,0
DA:448,0
DA:449,0
DA:450,0
DA:454,0
DA:457,0
DA:459,0
DA:460,0
DA:461,0
DA:462,0
DA:463,0
DA:464,0
DA:469,0
DA:470,0
DA:472,0
DA:473,0
DA:474,0
DA:475,0
DA:476,0
DA:477,0
DA:482,0
DA:483,0
DA:485,0
DA:486,0
DA:487,0
DA:492,0
DA:493,0
DA:494,0
DA:499,0
DA:500,0
DA:505,0
DA:506,0
DA:507,0
DA:508,0
DA:509,0
DA:514,0
DA:515,0
DA:517,0
DA:519,0
DA:520,0
DA:524,0
DA:527,0
DA:532,0
DA:534,0
DA:535,0
DA:539,0
DA:541,0
DA:542,0
DA:546,0
DA:551,0
DA:552,0
DA:553,0
DA:554,0
DA:559,0
DA:560,0
DA:561,0
DA:564,0
DA:565,0
DA:566,0
DA:567,0
DA:568,0
DA:569,0
DA:570,0
DA:574,0
DA:578,0
DA:579,0
DA:580,0
DA:585,0
DA:589,0
DA:594,0
DA:595,0
DA:600,0
DA:601,0
DA:606,0
DA:607,0
DA:608,0
DA:612,0
LF:204
LH:0
BRDA:41,0,0,0
BRDA:41,1,0,0
BRDA:41,1,1,0
BRDA:53,2,0,0
BRDA:67,3,0,0
BRDA:67,3,1,0
BRDA:69,4,0,0
BRDA:69,4,1,0
BRDA:77,5,0,0
BRDA:77,5,1,0
BRDA:80,6,0,0
BRDA:80,6,1,0
BRDA:89,7,0,0
BRDA:89,7,1,0
BRDA:163,8,0,0
BRDA:186,9,0,0
BRDA:186,9,1,0
BRDA:190,10,0,0
BRDA:190,10,1,0
BRDA:194,11,0,0
BRDA:194,11,1,0
BRDA:202,12,0,0
BRDA:202,12,1,0
BRDA:202,13,0,0
BRDA:202,13,1,0
BRDA:220,14,0,0
BRDA:220,14,1,0
BRDA:253,15,0,0
BRDA:259,16,0,0
BRDA:266,17,0,0
BRDA:266,18,0,0
BRDA:266,18,1,0
BRDA:266,18,2,0
BRDA:313,19,0,0
BRDA:323,20,0,0
BRDA:331,21,0,0
BRDA:344,22,0,0
BRDA:344,23,0,0
BRDA:344,23,1,0
BRDA:345,24,0,0
BRDA:345,24,1,0
BRDA:355,25,0,0
BRDA:360,26,0,0
BRDA:396,27,0,0
BRDA:396,27,1,0
BRDA:423,28,0,0
BRDA:423,28,1,0
BRDA:449,29,0,0
BRDA:460,30,0,0
BRDA:473,31,0,0
BRDA:473,32,0,0
BRDA:473,32,1,0
BRDA:485,33,0,0
BRDA:485,34,0,0
BRDA:485,34,1,0
BRDA:493,35,0,0
BRDA:499,36,0,0
BRDA:506,37,0,0
BRDA:515,38,0,0
BRDA:517,39,0,0
BRDA:517,39,1,0
BRDA:532,40,0,0
BRDA:532,40,1,0
BRDA:551,41,0,0
BRDA:561,42,0,0
BRDA:561,42,1,0
BRDA:579,43,0,0
BRDA:594,44,0,0
BRDA:600,45,0,0
BRF:69
BRH:0
end_of_record
TN:
SF:src/components/AIConfigDialog.ts
FN:11,(anonymous_4)
FN:18,(anonymous_5)
FN:19,(anonymous_6)
FN:23,(anonymous_7)
FN:28,(anonymous_8)
FN:32,(anonymous_9)
FN:159,(anonymous_10)
FN:163,(anonymous_11)
FN:188,(anonymous_12)
FN:197,(anonymous_13)
FN:231,(anonymous_14)
FN:235,(anonymous_15)
FN:239,(anonymous_16)
FN:244,(anonymous_17)
FN:249,(anonymous_18)
FN:259,(anonymous_19)
FN:264,(anonymous_20)
FN:269,(anonymous_21)
FN:275,(anonymous_22)
FN:280,(anonymous_23)
FN:285,(anonymous_24)
FN:287,(anonymous_25)
FN:299,(anonymous_26)
FN:318,(anonymous_27)
FN:333,(anonymous_28)
FN:375,(anonymous_29)
FN:394,(anonymous_30)
FN:406,(anonymous_31)
FN:422,(anonymous_32)
FN:433,(anonymous_33)
FN:453,(anonymous_34)
FN:476,(anonymous_35)
FN:482,(anonymous_36)
FN:489,(anonymous_37)
FN:498,(anonymous_38)
FN:506,(anonymous_39)
FNF:36
FNH:0
FNDA:0,(anonymous_4)
FNDA:0,(anonymous_5)
FNDA:0,(anonymous_6)
FNDA:0,(anonymous_7)
FNDA:0,(anonymous_8)
FNDA:0,(anonymous_9)
FNDA:0,(anonymous_10)
FNDA:0,(anonymous_11)
FNDA:0,(anonymous_12)
FNDA:0,(anonymous_13)
FNDA:0,(anonymous_14)
FNDA:0,(anonymous_15)
FNDA:0,(anonymous_16)
FNDA:0,(anonymous_17)
FNDA:0,(anonymous_18)
FNDA:0,(anonymous_19)
FNDA:0,(anonymous_20)
FNDA:0,(anonymous_21)
FNDA:0,(anonymous_22)
FNDA:0,(anonymous_23)
FNDA:0,(anonymous_24)
FNDA:0,(anonymous_25)
FNDA:0,(anonymous_26)
FNDA:0,(anonymous_27)
FNDA:0,(anonymous_28)
FNDA:0,(anonymous_29)
FNDA:0,(anonymous_30)
FNDA:0,(anonymous_31)
FNDA:0,(anonymous_32)
FNDA:0,(anonymous_33)
FNDA:0,(anonymous_34)
FNDA:0,(anonymous_35)
FNDA:0,(anonymous_36)
FNDA:0,(anonymous_37)
FNDA:0,(anonymous_38)
FNDA:0,(anonymous_39)
DA:1,0
DA:2,0
DA:3,0
DA:4,0
DA:7,0
DA:8,0
DA:9,0
DA:12,0
DA:13,0
DA:15,0
DA:19,0
DA:20,0
DA:23,0
DA:24,0
DA:29,0
DA:33,0
DA:34,0
DA:35,0
DA:37,0
DA:155,0
DA:156,0
DA:160,0
DA:161,0
DA:163,0
DA:189,0
DA:194,0
DA:198,0
DA:232,0
DA:235,0
DA:236,0
DA:239,0
DA:240,0
DA:244,0
DA:245,0
DA:249,0
DA:250,0
DA:251,0
DA:253,0
DA:254,0
DA:259,0
DA:260,0
DA:264,0
DA:265,0
DA:269,0
DA:270,0
DA:274,0
DA:275,0
DA:276,0
DA:279,0
DA:280,0
DA:281,0
DA:287,0
DA:288,0
DA:291,0
DA:292,0
DA:295,0
DA:296,0
DA:301,0
DA:302,0
DA:303,0
DA:304,0
DA:305,0
DA:306,0
DA:307,0
DA:309,0
DA:310,0
DA:313,0
DA:319,0
DA:320,0
DA:322,0
DA:323,0
DA:324,0
DA:325,0
DA:327,0
DA:328,0
DA:334,0
DA:335,0
DA:336,0
DA:337,0
DA:340,0
DA:341,0
DA:342,0
DA:343,0
DA:346,0
DA:348,0
DA:350,0
DA:353,0
DA:360,0
DA:361,0
DA:363,0
DA:366,0
DA:368,0
DA:369,0
DA:370,0
DA:376,0
DA:378,0
DA:379,0
DA:380,0
DA:383,0
DA:384,0
DA:386,0
DA:387,0
DA:389,0
DA:392,0
DA:394,0
DA:395,0
DA:396,0
DA:402,0
DA:407,0
DA:408,0
DA:409,0
DA:410,0
DA:411,0
DA:413,0
DA:423,0
DA:424,0
DA:425,0
DA:427,0
DA:429,0
DA:430,0
DA:434,0
DA:435,0
DA:437,0
DA:444,0
DA:445,0
DA:447,0
DA:448,0
DA:450,0
DA:454,0
DA:455,0
DA:456,0
DA:459,0
DA:460,0
DA:461,0
DA:465,0
DA:466,0
DA:468,0
DA:469,0
DA:471,0
DA:473,0
DA:476,0
DA:477,0
DA:483,0
DA:484,0
DA:485,0
DA:486,0
DA:489,0
DA:490,0
DA:491,0
DA:499,0
DA:500,0
DA:502,0
DA:507,0
LF:153
LH:0
BRDA:164,0,0,0
BRDA:164,0,1,0
BRDA:170,1,0,0
BRDA:170,1,1,0
BRDA:171,2,0,0
BRDA:171,2,1,0
BRDA:175,3,0,0
BRDA:175,3,1,0
BRDA:194,4,0,0
BRDA:194,4,1,0
BRDA:232,5,0,0
BRDA:253,6,0,0
BRDA:302,7,0,0
BRDA:305,8,0,0
BRDA:309,9,0,0
BRDA:309,10,0,0
BRDA:309,10,1,0
BRDA:310,11,0,0
BRDA:310,12,0,0
BRDA:310,12,1,0
BRDA:322,13,0,0
BRDA:322,14,0,0
BRDA:322,14,1,0
BRDA:323,15,0,0
BRDA:323,15,1,0
BRDA:335,16,0,0
BRDA:335,17,0,0
BRDA:335,17,1,0
BRDA:341,18,0,0
BRDA:360,19,0,0
BRDA:360,19,1,0
BRDA:366,20,0,0
BRDA:366,20,1,0
BRDA:368,21,0,0
BRDA:378,22,0,0
BRDA:378,23,0,0
BRDA:378,23,1,0
BRDA:386,24,0,0
BRDA:386,24,1,0
BRDA:402,25,0,0
BRDA:402,25,1,0
BRDA:408,26,0,0
BRDA:408,26,1,0
BRDA:409,27,0,0
BRDA:409,27,1,0
BRDA:410,28,0,0
BRDA:410,28,1,0
BRDA:411,29,0,0
BRDA:411,29,1,0
BRDA:427,30,0,0
BRDA:427,30,1,0
BRDA:429,31,0,0
BRDA:430,32,0,0
BRDA:435,33,0,0
BRDA:447,34,0,0
BRDA:448,35,0,0
BRDA:454,36,0,0
BRDA:460,37,0,0
BRDA:468,38,0,0
BRDA:469,39,0,0
BRDA:483,40,0,0
BRDA:490,41,0,0
BRDA:499,42,0,0
BRDA:499,42,1,0
BRF:64
BRH:0
end_of_record
TN:
SF:src/components/App.old.ts
FN:20,(anonymous_4)
FN:37,(anonymous_5)
FN:55,(anonymous_6)
FN:94,(anonymous_7)
FN:96,(anonymous_8)
FN:97,(anonymous_9)
FN:98,(anonymous_10)
FN:101,(anonymous_11)
FN:102,(anonymous_12)
FN:104,(anonymous_13)
FN:109,(anonymous_14)
FN:120,(anonymous_15)
FN:127,(anonymous_16)
FN:139,(anonymous_17)
FN:146,(anonymous_18)
FN:150,(anonymous_19)
FN:155,(anonymous_20)
FNF:17
FNH:0
FNDA:0,(anonymous_4)
FNDA:0,(anonymous_5)
FNDA:0,(anonymous_6)
FNDA:0,(anonymous_7)
FNDA:0,(anonymous_8)
FNDA:0,(anonymous_9)
FNDA:0,(anonymous_10)
FNDA:0,(anonymous_11)
FNDA:0,(anonymous_12)
FNDA:0,(anonymous_13)
FNDA:0,(anonymous_14)
FNDA:0,(anonymous_15)
FNDA:0,(anonymous_16)
FNDA:0,(anonymous_17)
FNDA:0,(anonymous_18)
FNDA:0,(anonymous_19)
FNDA:0,(anonymous_20)
DA:1,0
DA:2,0
DA:3,0
DA:4,0
DA:5,0
DA:6,0
DA:7,0
DA:8,0
DA:9,0
DA:10,0
DA:11,0
DA:12,0
DA:13,0
DA:14,0
DA:17,0
DA:18,0
DA:21,0
DA:22,0
DA:23,0
DA:24,0
DA:25,0
DA:26,0
DA:27,0
DA:28,0
DA:29,0
DA:30,0
DA:31,0
DA:32,0
DA:34,0
DA:38,0
DA:39,0
DA:40,0
DA:43,0
DA:44,0
DA:45,0
DA:48,0
DA:49,0
DA:50,0
DA:51,0
DA:52,0
DA:56,0
DA:58,0
DA:83,0
DA:84,0
DA:85,0
DA:86,0
DA:88,0
DA:89,0
DA:90,0
DA:91,0
DA:96,0
DA:97,0
DA:98,0
DA:101,0
DA:102,0
DA:104,0
DA:105,0
DA:110,0
DA:111,0
DA:112,0
DA:114,0
DA:115,0
DA:116,0
DA:117,0
DA:119,0
DA:120,0
DA:123,0
DA:128,0
DA:129,0
DA:130,0
DA:132,0
DA:133,0
DA:134,0
DA:135,0
DA:136,0
DA:138,0
DA:139,0
DA:142,0
DA:147,0
DA:152,0
DA:156,0
DA:157,0
DA:158,0
DA:159,0
LF:84
LH:0
BRDA:56,0,0,0
BRDA:88,1,0,0
BRDA:89,2,0,0
BRDA:90,3,0,0
BRDA:91,4,0,0
BRDA:116,5,0,0
BRDA:116,5,1,0
BRDA:117,6,0,0
BRDA:117,6,1,0
BRDA:134,7,0,0
BRDA:134,7,1,0
BRDA:136,8,0,0
BRDA:136,8,1,0
BRF:13
BRH:0
end_of_record
TN:
SF:src/components/App.tsx
FN:47,(anonymous_13)
FN:66,(anonymous_14)
FN:78,(anonymous_15)
FN:94,(anonymous_16)
FN:274,(anonymous_17)
FN:292,(anonymous_18)
FN:293,(anonymous_19)
FN:297,(anonymous_20)
FN:301,(anonymous_21)
FN:305,(anonymous_22)
FN:310,(anonymous_23)
FNF:11
FNH:0
FNDA:0,(anonymous_13)
FNDA:0,(anonymous_14)
FNDA:0,(anonymous_15)
FNDA:0,(anonymous_16)
FNDA:0,(anonymous_17)
FNDA:0,(anonymous_18)
FNDA:0,(anonymous_19)
FNDA:0,(anonymous_20)
FNDA:0,(anonymous_21)
FNDA:0,(anonymous_22)
FNDA:0,(anonymous_23)
DA:1,0
DA:2,0
DA:3,0
DA:4,0
DA:5,0
DA:6,0
DA:7,0
DA:8,0
DA:9,0
DA:10,0
DA:11,0
DA:12,0
DA:13,0
DA:14,0
DA:15,0
DA:16,0
DA:17,0
DA:18,0
DA:19,0
DA:20,0
DA:47,0
DA:61,0
DA:62,0
DA:63,0
DA:64,0
DA:66,0
DA:68,0
DA:69,0
DA:73,0
DA:74,0
DA:75,0
DA:78,0
DA:80,0
DA:81,0
DA:82,0
DA:86,0
DA:87,0
DA:88,0
DA:92,0
DA:94,0
DA:95,0
DA:99,0
DA:271,0
DA:275,0
DA:276,0
DA:277,0
DA:278,0
DA:279,0
DA:280,0
DA:281,0
DA:282,0
DA:283,0
DA:284,0
DA:285,0
DA:286,0
DA:288,0
DA:289,0
DA:293,0
DA:294,0
DA:297,0
DA:298,0
DA:301,0
DA:302,0
DA:305,0
DA:306,0
DA:311,0
DA:312,0
DA:314,0
DA:315,0
LF:69
LH:0
BRDA:68,0,0,0
BRDA:80,1,0,0
BRDA:80,2,0,0
BRDA:80,2,1,0
BRDA:80,2,2,0
BRDA:80,2,3,0
BRDA:86,3,0,0
BRDA:86,4,0,0
BRDA:86,4,1,0
BRDA:86,4,2,0
BRDA:86,4,3,0
BRF:11
BRH:0
end_of_record
TN:
SF:src/components/Breadcrumbs.ts
FN:20,(anonymous_13)
FN:27,(anonymous_14)
FN:28,(anonymous_15)
FN:32,(anonymous_16)
FN:37,(anonymous_17)
FN:43,(anonymous_18)
FN:61,(anonymous_19)
FN:69,(anonymous_20)
FN:92,(anonymous_21)
FN:101,(anonymous_22)
FN:106,(anonymous_23)
FN:126,(anonymous_24)
FN:152,(anonymous_25)
FN:171,(anonymous_26)
FN:180,(anonymous_27)
FNF:15
FNH:0
FNDA:0,(anonymous_13)
FNDA:0,(anonymous_14)
FNDA:0,(anonymous_15)
FNDA:0,(anonymous_16)
FNDA:0,(anonymous_17)
FNDA:0,(anonymous_18)
FNDA:0,(anonymous_19)
FNDA:0,(anonymous_20)
FNDA:0,(anonymous_21)
FNDA:0,(anonymous_22)
FNDA:0,(anonymous_23)
FNDA:0,(anonymous_24)
FNDA:0,(anonymous_25)
FNDA:0,(anonymous_26)
FNDA:0,(anonymous_27)
DA:1,0
DA:2,0
DA:3,0
DA:4,0
DA:5,0
DA:15,0
DA:16,0
DA:17,0
DA:18,0
DA:21,0
DA:22,0
DA:24,0
DA:28,0
DA:29,0
DA:32,0
DA:33,0
DA:38,0
DA:39,0
DA:40,0
DA:44,0
DA:45,0
DA:47,0
DA:48,0
DA:51,0
DA:54,0
DA:55,0
DA:57,0
DA:62,0
DA:64,0
DA:66,0
DA:67,0
DA:69,0
DA:70,0
DA:71,0
DA:72,0
DA:73,0
DA:74,0
DA:77,0
DA:78,0
DA:79,0
DA:82,0
DA:83,0
DA:84,0
DA:85,0
DA:86,0
DA:90,0
DA:91,0
DA:92,0
DA:93,0
DA:97,0
DA:102,0
DA:105,0
DA:106,0
DA:107,0
DA:114,0
DA:115,0
DA:116,0
DA:117,0
DA:118,0
DA:119,0
DA:123,0
DA:130,0
DA:132,0
DA:133,0
DA:134,0
DA:135,0
DA:141,0
DA:142,0
DA:145,0
DA:149,0
DA:153,0
DA:155,0
DA:158,0
DA:160,0
DA:163,0
DA:165,0
DA:168,0
DA:172,0
DA:173,0
DA:175,0
DA:176,0
DA:177,0
DA:181,0
DA:182,0
DA:183,0
DA:184,0
DA:185,0
DA:186,0
DA:187,0
DA:188,0
DA:189,0
DA:190,0
DA:191,0
DA:192,0
DA:193,0
DA:194,0
DA:195,0
DA:196,0
DA:197,0
DA:198,0
DA:199,0
DA:200,0
DA:201,0
DA:202,0
DA:203,0
DA:204,0
DA:205,0
DA:206,0
DA:207,0
DA:208,0
DA:209,0
LF:111
LH:0
BRDA:45,0,0,0
BRDA:48,1,0,0
BRDA:62,2,0,0
BRDA:70,3,0,0
BRDA:82,4,0,0
BRDA:90,5,0,0
BRDA:115,6,0,0
BRDA:115,7,0,0
BRDA:115,7,1,0
BRDA:117,8,0,0
BRDA:134,9,0,0
BRDA:141,10,0,0
BRDA:153,11,0,0
BRDA:153,12,0,0
BRDA:153,12,1,0
BRDA:158,13,0,0
BRDA:158,14,0,0
BRDA:158,14,1,0
BRDA:163,15,0,0
BRDA:163,16,0,0
BRDA:163,16,1,0
BRDA:173,17,0,0
BRDA:182,18,0,0
BRDA:182,18,1,0
BRDA:182,18,2,0
BRDA:182,18,3,0
BRDA:182,18,4,0
BRDA:182,18,5,0
BRDA:182,18,6,0
BRDA:182,18,7,0
BRDA:182,18,8,0
BRDA:182,18,9,0
BRDA:182,18,10,0
BRDA:182,18,11,0
BRDA:182,18,12,0
BRDA:182,18,13,0
BRDA:182,18,14,0
BRDA:182,18,15,0
BRDA:182,18,16,0
BRDA:182,18,17,0
BRDA:182,18,18,0
BRDA:182,18,19,0
BRDA:182,18,20,0
BRDA:182,18,21,0
BRDA:182,18,22,0
BRDA:182,18,23,0
BRDA:182,18,24,0
BRDA:182,18,25,0
BRDA:182,18,26,0
BRF:49
BRH:0
end_of_record
TN:
SF:src/components/CommandPalette.ts
FN:12,(anonymous_4)
FN:19,(anonymous_5)
FN:20,(anonymous_6)
FN:27,(anonymous_7)
FN:31,(anonymous_8)
FN:72,(anonymous_9)
FN:80,(anonymous_10)
FN:85,(anonymous_11)
FN:95,(anonymous_12)
FN:100,(anonymous_13)
FN:107,(anonymous_14)
FN:116,(anonymous_15)
FN:127,(anonymous_16)
FN:137,(anonymous_17)
FN:148,(anonymous_18)
FN:181,(anonymous_19)
FN:216,(anonymous_20)
FN:221,(anonymous_21)
FN:230,(anonymous_22)
FN:255,(anonymous_23)
FN:262,(anonymous_24)
FN:265,(anonymous_25)
FN:269,(anonymous_26)
FN:274,(anonymous_27)
FN:290,(anonymous_28)
FN:296,(anonymous_29)
FN:302,(anonymous_30)
FN:308,(anonymous_31)
FN:317,(anonymous_32)
FN:321,(anonymous_33)
FNF:30
FNH:0
FNDA:0,(anonymous_4)
FNDA:0,(anonymous_5)
FNDA:0,(anonymous_6)
FNDA:0,(anonymous_7)
FNDA:0,(anonymous_8)
FNDA:0,(anonymous_9)
FNDA:0,(anonymous_10)
FNDA:0,(anonymous_11)
FNDA:0,(anonymous_12)
FNDA:0,(anonymous_13)
FNDA:0,(anonymous_14)
FNDA:0,(anonymous_15)
FNDA:0,(anonymous_16)
FNDA:0,(anonymous_17)
FNDA:0,(anonymous_18)
FNDA:0,(anonymous_19)
FNDA:0,(anonymous_20)
FNDA:0,(anonymous_21)
FNDA:0,(anonymous_22)
FNDA:0,(anonymous_23)
FNDA:0,(anonymous_24)
FNDA:0,(anonymous_25)
FNDA:0,(anonymous_26)
FNDA:0,(anonymous_27)
FNDA:0,(anonymous_28)
FNDA:0,(anonymous_29)
FNDA:0,(anonymous_30)
FNDA:0,(anonymous_31)
FNDA:0,(anonymous_32)
FNDA:0,(anonymous_33)
DA:1,0
DA:2,0
DA:3,0
DA:4,0
DA:7,0
DA:8,0
DA:9,0
DA:10,0
DA:13,0
DA:14,0
DA:16,0
DA:20,0
DA:21,0
DA:22,0
DA:23,0
DA:28,0
DA:32,0
DA:33,0
DA:34,0
DA:36,0
DA:66,0
DA:67,0
DA:69,0
DA:73,0
DA:75,0
DA:76,0
DA:79,0
DA:80,0
DA:81,0
DA:82,0
DA:85,0
DA:87,0
DA:89,0
DA:95,0
DA:96,0
DA:100,0
DA:101,0
DA:102,0
DA:104,0
DA:105,0
DA:106,0
DA:107,0
DA:108,0
DA:109,0
DA:116,0
DA:117,0
DA:118,0
DA:120,0
DA:121,0
DA:122,0
DA:128,0
DA:130,0
DA:131,0
DA:133,0
DA:134,0
DA:135,0
DA:136,0
DA:137,0
DA:140,0
DA:143,0
DA:144,0
DA:149,0
DA:151,0
DA:153,0
DA:154,0
DA:155,0
DA:163,0
DA:173,0
DA:174,0
DA:176,0
DA:177,0
DA:178,0
DA:181,0
DA:182,0
DA:183,0
DA:185,0
DA:213,0
DA:217,0
DA:220,0
DA:221,0
DA:222,0
DA:225,0
DA:226,0
DA:230,0
DA:231,0
DA:234,0
DA:235,0
DA:236,0
DA:237,0
DA:239,0
DA:243,0
DA:244,0
DA:245,0
DA:246,0
DA:248,0
DA:252,0
DA:256,0
DA:258,0
DA:259,0
DA:263,0
DA:265,0
DA:270,0
DA:273,0
DA:274,0
DA:275,0
DA:276,0
DA:278,0
DA:283,0
DA:284,0
DA:291,0
DA:292,0
DA:293,0
DA:296,0
DA:297,0
DA:303,0
DA:304,0
DA:305,0
DA:308,0
DA:309,0
DA:310,0
DA:318,0
DA:322,0
DA:323,0
LF:123
LH:0
BRDA:73,0,0,0
BRDA:79,1,0,0
BRDA:87,2,0,0
BRDA:104,3,0,0
BRDA:106,4,0,0
BRDA:108,5,0,0
BRDA:120,6,0,0
BRDA:121,7,0,0
BRDA:121,7,1,0
BRDA:128,8,0,0
BRDA:128,9,0,0
BRDA:128,9,1,0
BRDA:133,10,0,0
BRDA:133,10,1,0
BRDA:135,11,0,0
BRDA:143,12,0,0
BRDA:149,13,0,0
BRDA:153,14,0,0
BRDA:154,15,0,0
BRDA:154,15,1,0
BRDA:177,16,0,0
BRDA:177,17,0,0
BRDA:177,17,1,0
BRDA:186,18,0,0
BRDA:186,18,1,0
BRDA:194,19,0,0
BRDA:194,19,1,0
BRDA:201,20,0,0
BRDA:201,20,1,0
BRDA:220,21,0,0
BRDA:220,21,1,0
BRDA:225,22,0,0
BRDA:235,23,0,0
BRDA:235,23,1,0
BRDA:236,24,0,0
BRDA:244,25,0,0
BRDA:244,25,1,0
BRDA:245,26,0,0
BRDA:256,27,0,0
BRDA:270,28,0,0
BRDA:275,29,0,0
BRDA:275,29,1,0
BRDA:291,30,0,0
BRDA:303,31,0,0
BRDA:309,32,0,0
BRF:45
BRH:0
end_of_record
TN:
SF:src/components/DebugPanel.ts
FN:14,(anonymous_4)
FN:37,(anonymous_5)
FN:49,(anonymous_6)
FN:54,(anonymous_7)
FN:95,(anonymous_8)
FN:96,(anonymous_9)
FN:97,(anonymous_10)
FN:98,(anonymous_11)
FN:99,(anonymous_12)
FN:102,(anonymous_13)
FN:128,(anonymous_14)
FN:132,(anonymous_15)
FN:137,(anonymous_16)
FN:143,(anonymous_17)
FN:151,(anonymous_18)
FN:157,(anonymous_19)
FN:165,(anonymous_20)
FN:171,(anonymous_21)
FN:183,(anonymous_22)
FN:187,(anonymous_23)
FN:191,(anonymous_24)
FNF:21
FNH:0
FNDA:0,(anonymous_4)
FNDA:0,(anonymous_5)
FNDA:0,(anonymous_6)
FNDA:0,(anonymous_7)
FNDA:0,(anonymous_8)
FNDA:0,(anonymous_9)
FNDA:0,(anonymous_10)
FNDA:0,(anonymous_11)
FNDA:0,(anonymous_12)
FNDA:0,(anonymous_13)
FNDA:0,(anonymous_14)
FNDA:0,(anonymous_15)
FNDA:0,(anonymous_16)
FNDA:0,(anonymous_17)
FNDA:0,(anonymous_18)
FNDA:0,(anonymous_19)
FNDA:0,(anonymous_20)
FNDA:0,(anonymous_21)
FNDA:0,(anonymous_22)
FNDA:0,(anonymous_23)
FNDA:0,(anonymous_24)
DA:1,0
DA:2,0
DA:3,0
DA:4,0
DA:7,0
DA:15,0
DA:16,0
DA:18,0
DA:19,0
DA:21,0
DA:22,0
DA:24,0
DA:25,0
DA:27,0
DA:28,0
DA:30,0
DA:31,0
DA:33,0
DA:34,0
DA:39,0
DA:49,0
DA:50,0
DA:51,0
DA:52,0
DA:53,0
DA:54,0
DA:55,0
DA:59,0
DA:60,0
DA:61,0
DA:62,0
DA:64,0
DA:65,0
DA:66,0
DA:69,0
DA:70,0
DA:71,0
DA:72,0
DA:74,0
DA:75,0
DA:76,0
DA:79,0
DA:80,0
DA:81,0
DA:82,0
DA:84,0
DA:85,0
DA:86,0
DA:89,0
DA:90,0
DA:91,0
DA:92,0
DA:96,0
DA:97,0
DA:98,0
DA:99,0
DA:103,0
DA:105,0
DA:106,0
DA:108,0
DA:109,0
DA:111,0
DA:112,0
DA:114,0
DA:115,0
DA:117,0
DA:118,0
DA:120,0
DA:121,0
DA:123,0
DA:124,0
DA:129,0
DA:130,0
DA:132,0
DA:133,0
DA:138,0
DA:139,0
DA:140,0
DA:142,0
DA:143,0
DA:144,0
DA:145,0
DA:146,0
DA:147,0
DA:152,0
DA:153,0
DA:154,0
DA:156,0
DA:157,0
DA:158,0
DA:159,0
DA:160,0
DA:161,0
DA:166,0
DA:167,0
DA:168,0
DA:170,0
DA:171,0
DA:172,0
DA:173,0
DA:174,0
DA:179,0
DA:184,0
DA:188,0
DA:192,0
LF:105
LH:0
BRDA:103,0,0,0
BRDA:103,0,1,0
BRDA:103,0,2,0
BRDA:103,0,3,0
BRDA:103,0,4,0
BRDA:103,0,5,0
BRDA:103,0,6,0
BRDA:133,1,0,0
BRDA:133,1,1,0
BRDA:140,2,0,0
BRDA:154,3,0,0
BRDA:168,4,0,0
BRDA:175,5,0,0
BRDA:175,5,1,0
BRF:14
BRH:0
end_of_record
TN:
SF:src/components/Editor.ts
FN:11,(anonymous_11)
FN:16,(anonymous_12)
FN:33,(anonymous_13)
FN:37,(anonymous_14)
FN:41,(anonymous_15)
FN:45,(anonymous_16)
FN:49,(anonymous_17)
FN:71,(anonymous_18)
FN:76,(anonymous_19)
FNF:9
FNH:7
FNDA:8,(anonymous_11)
FNDA:7,(anonymous_12)
FNDA:1,(anonymous_13)
FNDA:3,(anonymous_14)
FNDA:2,(anonymous_15)
FNDA:2,(anonymous_16)
FNDA:1,(anonymous_17)
FNDA:0,(anonymous_18)
FNDA:0,(anonymous_19)
DA:1,1
DA:2,1
DA:3,1
DA:6,1
DA:7,8
DA:8,8
DA:9,8
DA:12,8
DA:13,8
DA:17,7
DA:38,3
DA:42,2
DA:46,2
DA:50,1
DA:52,1
DA:55,1
DA:56,1
DA:57,1
DA:60,1
DA:61,1
DA:62,1
DA:63,0
DA:64,0
DA:65,0
DA:66,0
DA:72,0
DA:73,0
DA:77,0
LF:28
LH:21
BRDA:18,0,0,7
BRDA:18,0,1,0
BRDA:38,1,0,3
BRDA:38,1,1,3
BRDA:50,2,0,1
BRDA:61,3,0,1
BRDA:61,3,1,0
BRDA:63,4,0,0
BRDA:63,4,1,0
BRDA:65,5,0,0
BRF:10
BRH:5
end_of_record
TN:
SF:src/components/EditorTabs.ts
FN:11,(anonymous_4)
FN:18,(anonymous_5)
FN:19,(anonymous_6)
FN:25,(anonymous_7)
FN:31,(anonymous_8)
FN:35,(anonymous_9)
FN:42,(anonymous_10)
FN:48,(anonymous_11)
FN:61,(anonymous_12)
FN:70,(anonymous_13)
FN:78,(anonymous_14)
FN:106,(anonymous_15)
FN:115,(anonymous_16)
FN:120,(anonymous_17)
FN:127,(anonymous_18)
FN:135,(anonymous_19)
FN:153,(anonymous_20)
FN:162,(anonymous_21)
FN:163,(anonymous_22)
FN:164,(anonymous_23)
FN:165,(anonymous_24)
FN:166,(anonymous_25)
FN:167,(anonymous_26)
FN:168,(anonymous_27)
FN:171,(anonymous_28)
FN:175,(anonymous_29)
FN:185,(anonymous_30)
FN:192,(anonymous_31)
FN:197,(anonymous_32)
FN:201,(anonymous_33)
FN:208,(anonymous_34)
FN:212,(anonymous_35)
FN:217,(anonymous_36)
FN:222,(anonymous_37)
FN:226,(anonymous_38)
FNF:35
FNH:0
FNDA:0,(anonymous_4)
FNDA:0,(anonymous_5)
FNDA:0,(anonymous_6)
FNDA:0,(anonymous_7)
FNDA:0,(anonymous_8)
FNDA:0,(anonymous_9)
FNDA:0,(anonymous_10)
FNDA:0,(anonymous_11)
FNDA:0,(anonymous_12)
FNDA:0,(anonymous_13)
FNDA:0,(anonymous_14)
FNDA:0,(anonymous_15)
FNDA:0,(anonymous_16)
FNDA:0,(anonymous_17)
FNDA:0,(anonymous_18)
FNDA:0,(anonymous_19)
FNDA:0,(anonymous_20)
FNDA:0,(anonymous_21)
FNDA:0,(anonymous_22)
FNDA:0,(anonymous_23)
FNDA:0,(anonymous_24)
FNDA:0,(anonymous_25)
FNDA:0,(anonymous_26)
FNDA:0,(anonymous_27)
FNDA:0,(anonymous_28)
FNDA:0,(anonymous_29)
FNDA:0,(anonymous_30)
FNDA:0,(anonymous_31)
FNDA:0,(anonymous_32)
FNDA:0,(anonymous_33)
FNDA:0,(anonymous_34)
FNDA:0,(anonymous_35)
FNDA:0,(anonymous_36)
FNDA:0,(anonymous_37)
FNDA:0,(anonymous_38)
DA:1,0
DA:2,0
DA:3,0
DA:4,0
DA:7,0
DA:8,0
DA:9,0
DA:12,0
DA:13,0
DA:15,0
DA:19,0
DA:20,0
DA:21,0
DA:25,0
DA:26,0
DA:27,0
DA:31,0
DA:32,0
DA:35,0
DA:36,0
DA:37,0
DA:43,0
DA:44,0
DA:45,0
DA:49,0
DA:51,0
DA:52,0
DA:54,0
DA:57,0
DA:58,0
DA:61,0
DA:62,0
DA:63,0
DA:67,0
DA:68,0
DA:69,0
DA:70,0
DA:71,0
DA:73,0
DA:75,0
DA:79,0
DA:80,0
DA:81,0
DA:84,0
DA:85,0
DA:88,0
DA:89,0
DA:90,0
DA:91,0
DA:94,0
DA:95,0
DA:96,0
DA:97,0
DA:98,0
DA:100,0
DA:103,0
DA:104,0
DA:105,0
DA:106,0
DA:107,0
DA:108,0
DA:110,0
DA:112,0
DA:115,0
DA:116,0
DA:120,0
DA:121,0
DA:122,0
DA:126,0
DA:127,0
DA:128,0
DA:129,0
DA:132,0
DA:136,0
DA:137,0
DA:140,0
DA:141,0
DA:143,0
DA:147,0
DA:148,0
DA:149,0
DA:155,0
DA:156,0
DA:157,0
DA:158,0
DA:159,0
DA:161,0
DA:162,0
DA:163,0
DA:164,0
DA:165,0
DA:166,0
DA:167,0
DA:168,0
DA:171,0
DA:172,0
DA:173,0
DA:174,0
DA:175,0
DA:176,0
DA:177,0
DA:179,0
DA:182,0
DA:185,0
DA:186,0
DA:187,0
DA:188,0
DA:192,0
DA:193,0
DA:198,0
DA:199,0
DA:201,0
DA:202,0
DA:203,0
DA:209,0
DA:210,0
DA:212,0
DA:213,0
DA:218,0
DA:219,0
DA:223,0
DA:227,0
DA:228,0
DA:229,0
DA:230,0
DA:231,0
DA:232,0
DA:233,0
DA:234,0
DA:235,0
DA:236,0
LF:131
LH:0
BRDA:20,0,0,0
BRDA:26,1,0,0
BRDA:36,2,0,0
BRDA:49,3,0,0
BRDA:52,4,0,0
BRDA:80,5,0,0
BRDA:80,5,1,0
BRDA:80,6,0,0
BRDA:80,6,1,0
BRDA:80,7,0,0
BRDA:80,7,1,0
BRDA:97,8,0,0
BRDA:137,9,0,0
BRDA:140,10,0,0
BRDA:140,10,1,0
BRDA:148,11,0,0
BRDA:149,12,0,0
BRDA:149,12,1,0
BRDA:166,13,0,0
BRDA:166,13,1,0
BRDA:186,14,0,0
BRDA:199,15,0,0
BRDA:202,16,0,0
BRDA:210,17,0,0
BRDA:228,18,0,0
BRDA:228,18,1,0
BRDA:228,18,2,0
BRDA:228,18,3,0
BRDA:228,18,4,0
BRDA:228,18,5,0
BRDA:228,18,6,0
BRDA:228,18,7,0
BRF:32
BRH:0
end_of_record
TN:
SF:src/components/EnhancedFileExplorer.ts
FN:16,(anonymous_4)
FN:26,(anonymous_5)
FN:27,(anonymous_6)
FN:33,(anonymous_7)
FN:37,(anonymous_8)
FN:41,(anonymous_9)
FN:45,(anonymous_10)
FN:49,(anonymous_11)
FN:53,(anonymous_12)
FN:57,(anonymous_13)
FN:63,(anonymous_14)
FN:69,(anonymous_15)
FN:111,(anonymous_16)
FN:136,(anonymous_17)
FN:137,(anonymous_18)
FN:140,(anonymous_19)
FN:206,(anonymous_20)
FN:213,(anonymous_21)
FN:227,(anonymous_22)
FN:231,(anonymous_23)
FN:235,(anonymous_24)
FN:239,(anonymous_25)
FN:243,(anonymous_26)
FN:247,(anonymous_27)
FN:253,(anonymous_28)
FN:276,(anonymous_29)
FN:288,(anonymous_30)
FN:299,(anonymous_31)
FN:314,(anonymous_32)
FN:327,(anonymous_33)
FN:342,(anonymous_34)
FN:357,(anonymous_35)
FN:366,(anonymous_36)
FN:371,(anonymous_37)
FN:378,(anonymous_38)
FN:392,(anonymous_39)
FN:407,(anonymous_40)
FN:418,(anonymous_41)
FN:424,(anonymous_42)
FN:438,(anonymous_43)
FN:459,(anonymous_44)
FN:463,(anonymous_45)
FN:468,(anonymous_46)
FN:488,(anonymous_47)
FN:495,(anonymous_48)
FN:502,(anonymous_49)
FN:506,(anonymous_50)
FN:529,(anonymous_51)
FN:535,(anonymous_52)
FN:541,(anonymous_53)
FN:546,(anonymous_54)
FN:550,(anonymous_55)
FN:563,(anonymous_56)
FN:577,(anonymous_57)
FN:590,(anonymous_58)
FN:595,(anonymous_59)
FN:600,(anonymous_60)
FN:604,(anonymous_61)
FN:606,(anonymous_62)
FNF:59
FNH:0
FNDA:0,(anonymous_4)
FNDA:0,(anonymous_5)
FNDA:0,(anonymous_6)
FNDA:0,(anonymous_7)
FNDA:0,(anonymous_8)
FNDA:0,(anonymous_9)
FNDA:0,(anonymous_10)
FNDA:0,(anonymous_11)
FNDA:0,(anonymous_12)
FNDA:0,(anonymous_13)
FNDA:0,(anonymous_14)
FNDA:0,(anonymous_15)
FNDA:0,(anonymous_16)
FNDA:0,(anonymous_17)
FNDA:0,(anonymous_18)
FNDA:0,(anonymous_19)
FNDA:0,(anonymous_20)
FNDA:0,(anonymous_21)
FNDA:0,(anonymous_22)
FNDA:0,(anonymous_23)
FNDA:0,(anonymous_24)
FNDA:0,(anonymous_25)
FNDA:0,(anonymous_26)
FNDA:0,(anonymous_27)
FNDA:0,(anonymous_28)
FNDA:0,(anonymous_29)
FNDA:0,(anonymous_30)
FNDA:0,(anonymous_31)
FNDA:0,(anonymous_32)
FNDA:0,(anonymous_33)
FNDA:0,(anonymous_34)
FNDA:0,(anonymous_35)
FNDA:0,(anonymous_36)
FNDA:0,(anonymous_37)
FNDA:0,(anonymous_38)
FNDA:0,(anonymous_39)
FNDA:0,(anonymous_40)
FNDA:0,(anonymous_41)
FNDA:0,(anonymous_42)
FNDA:0,(anonymous_43)
FNDA:0,(anonymous_44)
FNDA:0,(anonymous_45)
FNDA:0,(anonymous_46)
FNDA:0,(anonymous_47)
FNDA:0,(anonymous_48)
FNDA:0,(anonymous_49)
FNDA:0,(anonymous_50)
FNDA:0,(anonymous_51)
FNDA:0,(anonymous_52)
FNDA:0,(anonymous_53)
FNDA:0,(anonymous_54)
FNDA:0,(anonymous_55)
FNDA:0,(anonymous_56)
FNDA:0,(anonymous_57)
FNDA:0,(anonymous_58)
FNDA:0,(anonymous_59)
FNDA:0,(anonymous_60)
FNDA:0,(anonymous_61)
FNDA:0,(anonymous_62)
DA:1,0
DA:2,0
DA:3,0
DA:4,0
DA:5,0
DA:6,0
DA:7,0
DA:10,0
DA:11,0
DA:12,0
DA:13,0
DA:14,0
DA:17,0
DA:18,0
DA:19,0
DA:20,0
DA:21,0
DA:23,0
DA:27,0
DA:28,0
DA:29,0
DA:30,0
DA:33,0
DA:34,0
DA:37,0
DA:38,0
DA:41,0
DA:42,0
DA:45,0
DA:46,0
DA:49,0
DA:50,0
DA:53,0
DA:54,0
DA:57,0
DA:58,0
DA:59,0
DA:64,0
DA:65,0
DA:66,0
DA:70,0
DA:72,0
DA:108,0
DA:112,0
DA:113,0
DA:114,0
DA:117,0
DA:118,0
DA:119,0
DA:120,0
DA:133,0
DA:137,0
DA:141,0
DA:142,0
DA:143,0
DA:145,0
DA:149,0
DA:153,0
DA:198,0
DA:200,0
DA:203,0
DA:207,0
DA:209,0
DA:210,0
DA:213,0
DA:228,0
DA:231,0
DA:232,0
DA:235,0
DA:236,0
DA:239,0
DA:240,0
DA:243,0
DA:244,0
DA:247,0
DA:248,0
DA:249,0
DA:253,0
DA:254,0
DA:255,0
DA:257,0
DA:259,0
DA:260,0
DA:261,0
DA:263,0
DA:264,0
DA:265,0
DA:266,0
DA:267,0
DA:268,0
DA:269,0
DA:270,0
DA:271,0
DA:276,0
DA:277,0
DA:278,0
DA:280,0
DA:281,0
DA:282,0
DA:283,0
DA:288,0
DA:289,0
DA:290,0
DA:291,0
DA:293,0
DA:294,0
DA:299,0
DA:300,0
DA:301,0
DA:303,0
DA:304,0
DA:309,0
DA:310,0
DA:311,0
DA:315,0
DA:317,0
DA:318,0
DA:319,0
DA:323,0
DA:328,0
DA:329,0
DA:331,0
DA:332,0
DA:333,0
DA:334,0
DA:335,0
DA:337,0
DA:343,0
DA:344,0
DA:346,0
DA:347,0
DA:348,0
DA:349,0
DA:350,0
DA:352,0
DA:358,0
DA:359,0
DA:361,0
DA:363,0
DA:367,0
DA:368,0
DA:372,0
DA:379,0
DA:381,0
DA:382,0
DA:384,0
DA:385,0
DA:387,0
DA:388,0
DA:393,0
DA:394,0
DA:396,0
DA:397,0
DA:399,0
DA:400,0
DA:401,0
DA:403,0
DA:408,0
DA:410,0
DA:411,0
DA:412,0
DA:414,0
DA:419,0
DA:421,0
DA:423,0
DA:424,0
DA:425,0
DA:429,0
DA:430,0
DA:431,0
DA:433,0
DA:434,0
DA:439,0
DA:440,0
DA:442,0
DA:444,0
DA:445,0
DA:446,0
DA:448,0
DA:456,0
DA:460,0
DA:464,0
DA:469,0
DA:470,0
DA:471,0
DA:474,0
DA:475,0
DA:476,0
DA:477,0
DA:479,0
DA:488,0
DA:489,0
DA:490,0
DA:491,0
DA:495,0
DA:496,0
DA:497,0
DA:499,0
DA:502,0
DA:503,0
DA:507,0
DA:509,0
DA:510,0
DA:512,0
DA:513,0
DA:515,0
DA:516,0
DA:518,0
DA:519,0
DA:522,0
DA:525,0
DA:530,0
DA:531,0
DA:533,0
DA:534,0
DA:535,0
DA:536,0
DA:542,0
DA:547,0
DA:551,0
DA:552,0
DA:553,0
DA:555,0
DA:556,0
DA:557,0
DA:560,0
DA:564,0
DA:565,0
DA:566,0
DA:567,0
DA:568,0
DA:570,0
DA:571,0
DA:572,0
DA:573,0
DA:579,0
DA:580,0
DA:582,0
DA:583,0
DA:584,0
DA:587,0
DA:590,0
DA:591,0
DA:592,0
DA:593,0
DA:594,0
DA:595,0
DA:601,0
DA:605,0
DA:606,0
DA:607,0
LF:251
LH:0
BRDA:70,0,0,0
BRDA:113,1,0,0
BRDA:136,2,0,0
BRDA:145,3,0,0
BRDA:145,3,1,0
BRDA:149,4,0,0
BRDA:149,4,1,0
BRDA:154,5,0,0
BRDA:154,5,1,0
BRDA:154,6,0,0
BRDA:154,6,1,0
BRDA:157,7,0,0
BRDA:157,7,1,0
BRDA:162,8,0,0
BRDA:162,8,1,0
BRDA:163,9,0,0
BRDA:163,9,1,0
BRDA:164,10,0,0
BRDA:164,10,1,0
BRDA:168,11,0,0
BRDA:168,11,1,0
BRDA:176,12,0,0
BRDA:176,12,1,0
BRDA:178,13,0,0
BRDA:178,13,1,0
BRDA:198,14,0,0
BRDA:198,15,0,0
BRDA:198,15,1,0
BRDA:209,16,0,0
BRDA:215,17,0,0
BRDA:215,17,1,0
BRDA:228,18,0,0
BRDA:257,19,0,0
BRDA:263,20,0,0
BRDA:263,20,1,0
BRDA:265,21,0,0
BRDA:265,21,1,0
BRDA:268,22,0,0
BRDA:268,22,1,0
BRDA:270,23,0,0
BRDA:280,24,0,0
BRDA:293,25,0,0
BRDA:303,26,0,0
BRDA:303,27,0,0
BRDA:303,27,1,0
BRDA:304,28,0,0
BRDA:304,28,1,0
BRDA:315,29,0,0
BRDA:318,30,0,0
BRDA:329,31,0,0
BRDA:332,32,0,0
BRDA:344,33,0,0
BRDA:347,34,0,0
BRDA:358,35,0,0
BRDA:358,35,1,0
BRDA:379,36,0,0
BRDA:379,36,1,0
BRDA:379,36,2,0
BRDA:394,37,0,0
BRDA:394,38,0,0
BRDA:394,38,1,0
BRDA:408,39,0,0
BRDA:421,40,0,0
BRDA:429,41,0,0
BRDA:429,41,1,0
BRDA:442,42,0,0
BRDA:448,43,0,0
BRDA:448,43,1,0
BRDA:484,44,0,0
BRDA:484,44,1,0
BRDA:485,45,0,0
BRDA:485,45,1,0
BRDA:496,46,0,0
BRDA:507,47,0,0
BRDA:507,47,1,0
BRDA:507,47,2,0
BRDA:507,47,3,0
BRDA:507,47,4,0
BRDA:507,47,5,0
BRDA:533,48,0,0
BRDA:555,49,0,0
BRDA:555,49,1,0
BRDA:570,50,0,0
BRDA:571,51,0,0
BRDA:572,52,0,0
BRDA:592,53,0,0
BRF:86
BRH:0
end_of_record
TN:
SF:src/components/FileExplorer.ts
FN:10,(anonymous_4)
FN:14,(anonymous_5)
FN:19,(anonymous_6)
FN:27,(anonymous_7)
FN:30,(anonymous_8)
FN:35,(anonymous_9)
FN:47,(anonymous_10)
FN:53,(anonymous_11)
FN:56,(anonymous_12)
FN:57,(anonymous_13)
FN:64,(anonymous_14)
FN:81,(anonymous_15)
FN:85,(anonymous_16)
FNF:13
FNH:0
FNDA:0,(anonymous_4)
FNDA:0,(anonymous_5)
FNDA:0,(anonymous_6)
FNDA:0,(anonymous_7)
FNDA:0,(anonymous_8)
FNDA:0,(anonymous_9)
FNDA:0,(anonymous_10)
FNDA:0,(anonymous_11)
FNDA:0,(anonymous_12)
FNDA:0,(anonymous_13)
FNDA:0,(anonymous_14)
FNDA:0,(anonymous_15)
FNDA:0,(anonymous_16)
DA:1,0
DA:2,0
DA:3,0
DA:6,0
DA:7,0
DA:8,0
DA:11,0
DA:15,0
DA:16,0
DA:20,0
DA:22,0
DA:23,0
DA:24,0
DA:28,0
DA:30,0
DA:36,0
DA:37,0
DA:39,0
DA:46,0
DA:47,0
DA:50,0
DA:54,0
DA:56,0
DA:57,0
DA:58,0
DA:59,0
DA:60,0
DA:62,0
DA:64,0
DA:65,0
DA:69,0
DA:72,0
DA:73,0
DA:74,0
DA:82,0
DA:86,0
LF:36
LH:0
BRDA:20,0,0,0
BRDA:35,1,0,0
BRDA:37,2,0,0
BRDA:37,2,1,0
BRDA:46,3,0,0
BRDA:46,4,0,0
BRDA:46,4,1,0
BRDA:54,5,0,0
BRDA:62,6,0,0
BRDA:62,7,0,0
BRDA:62,7,1,0
BRDA:73,8,0,0
BRF:12
BRH:0
end_of_record
TN:
SF:src/components/GitHistoryPanel.ts
FN:18,(anonymous_4)
FN:25,(anonymous_5)
FN:26,(anonymous_6)
FN:34,(anonymous_7)
FN:42,(anonymous_8)
FN:49,(anonymous_9)
FN:53,(anonymous_10)
FN:59,(anonymous_11)
FN:64,(anonymous_12)
FN:130,(anonymous_13)
FN:132,(anonymous_14)
FN:134,(anonymous_15)
FN:139,(anonymous_16)
FN:149,(anonymous_17)
FN:161,(anonymous_18)
FN:165,(anonymous_19)
FN:166,(anonymous_20)
FN:200,(anonymous_21)
FN:208,(anonymous_22)
FN:237,(anonymous_23)
FN:286,(anonymous_24)
FN:302,(anonymous_25)
FN:306,(anonymous_26)
FN:311,(anonymous_27)
FN:315,(anonymous_28)
FN:319,(anonymous_29)
FN:323,(anonymous_30)
FN:330,(anonymous_31)
FN:337,(anonymous_32)
FN:343,(anonymous_33)
FN:348,(anonymous_34)
FN:359,(anonymous_35)
FN:372,(anonymous_36)
FN:382,(anonymous_37)
FN:387,(anonymous_38)
FN:412,(anonymous_39)
FN:416,(anonymous_40)
FN:423,(anonymous_41)
FN:424,(anonymous_42)
FN:432,(anonymous_43)
FN:441,(anonymous_44)
FN:456,(anonymous_45)
FN:461,(anonymous_46)
FN:465,(anonymous_47)
FN:478,(anonymous_48)
FN:482,(anonymous_49)
FN:489,(anonymous_50)
FN:502,(anonymous_51)
FN:533,(anonymous_52)
FN:549,(anonymous_53)
FN:550,(anonymous_54)
FN:562,(anonymous_55)
FN:570,(anonymous_56)
FN:583,(anonymous_57)
FN:588,(anonymous_58)
FN:593,(anonymous_59)
FN:594,(anonymous_60)
FN:626,(anonymous_61)
FN:644,(anonymous_62)
FN:648,(anonymous_63)
FN:659,(anonymous_64)
FN:665,(anonymous_65)
FN:671,(anonymous_66)
FN:675,(anonymous_67)
FN:679,(anonymous_68)
FNF:65
FNH:0
FNDA:0,(anonymous_4)
FNDA:0,(anonymous_5)
FNDA:0,(anonymous_6)
FNDA:0,(anonymous_7)
FNDA:0,(anonymous_8)
FNDA:0,(anonymous_9)
FNDA:0,(anonymous_10)
FNDA:0,(anonymous_11)
FNDA:0,(anonymous_12)
FNDA:0,(anonymous_13)
FNDA:0,(anonymous_14)
FNDA:0,(anonymous_15)
FNDA:0,(anonymous_16)
FNDA:0,(anonymous_17)
FNDA:0,(anonymous_18)
FNDA:0,(anonymous_19)
FNDA:0,(anonymous_20)
FNDA:0,(anonymous_21)
FNDA:0,(anonymous_22)
FNDA:0,(anonymous_23)
FNDA:0,(anonymous_24)
FNDA:0,(anonymous_25)
FNDA:0,(anonymous_26)
FNDA:0,(anonymous_27)
FNDA:0,(anonymous_28)
FNDA:0,(anonymous_29)
FNDA:0,(anonymous_30)
FNDA:0,(anonymous_31)
FNDA:0,(anonymous_32)
FNDA:0,(anonymous_33)
FNDA:0,(anonymous_34)
FNDA:0,(anonymous_35)
FNDA:0,(anonymous_36)
FNDA:0,(anonymous_37)
FNDA:0,(anonymous_38)
FNDA:0,(anonymous_39)
FNDA:0,(anonymous_40)
FNDA:0,(anonymous_41)
FNDA:0,(anonymous_42)
FNDA:0,(anonymous_43)
FNDA:0,(anonymous_44)
FNDA:0,(anonymous_45)
FNDA:0,(anonymous_46)
FNDA:0,(anonymous_47)
FNDA:0,(anonymous_48)
FNDA:0,(anonymous_49)
FNDA:0,(anonymous_50)
FNDA:0,(anonymous_51)
FNDA:0,(anonymous_52)
FNDA:0,(anonymous_53)
FNDA:0,(anonymous_54)
FNDA:0,(anonymous_55)
FNDA:0,(anonymous_56)
FNDA:0,(anonymous_57)
FNDA:0,(anonymous_58)
FNDA:0,(anonymous_59)
FNDA:0,(anonymous_60)
FNDA:0,(anonymous_61)
FNDA:0,(anonymous_62)
FNDA:0,(anonymous_63)
FNDA:0,(anonymous_64)
FNDA:0,(anonymous_65)
FNDA:0,(anonymous_66)
FNDA:0,(anonymous_67)
FNDA:0,(anonymous_68)
DA:1,0
DA:2,0
DA:3,0
DA:4,0
DA:7,0
DA:8,0
DA:9,0
DA:10,0
DA:11,0
DA:12,0
DA:13,0
DA:14,0
DA:15,0
DA:16,0
DA:19,0
DA:20,0
DA:22,0
DA:26,0
DA:27,0
DA:28,0
DA:29,0
DA:30,0
DA:31,0
DA:34,0
DA:35,0
DA:36,0
DA:37,0
DA:38,0
DA:39,0
DA:42,0
DA:44,0
DA:45,0
DA:46,0
DA:49,0
DA:50,0
DA:53,0
DA:54,0
DA:55,0
DA:60,0
DA:61,0
DA:65,0
DA:67,0
DA:68,0
DA:77,0
DA:80,0
DA:127,0
DA:131,0
DA:132,0
DA:134,0
DA:135,0
DA:140,0
DA:141,0
DA:142,0
DA:144,0
DA:147,0
DA:149,0
DA:162,0
DA:163,0
DA:164,0
DA:165,0
DA:166,0
DA:168,0
DA:201,0
DA:209,0
DA:238,0
DA:239,0
DA:248,0
DA:250,0
DA:287,0
DA:303,0
DA:306,0
DA:307,0
DA:311,0
DA:312,0
DA:315,0
DA:316,0
DA:319,0
DA:320,0
DA:323,0
DA:324,0
DA:328,0
DA:329,0
DA:330,0
DA:331,0
DA:335,0
DA:336,0
DA:337,0
DA:338,0
DA:343,0
DA:344,0
DA:348,0
DA:349,0
DA:350,0
DA:352,0
DA:353,0
DA:354,0
DA:359,0
DA:360,0
DA:362,0
DA:363,0
DA:364,0
DA:365,0
DA:367,0
DA:372,0
DA:373,0
DA:375,0
DA:376,0
DA:377,0
DA:382,0
DA:383,0
DA:388,0
DA:390,0
DA:392,0
DA:393,0
DA:398,0
DA:399,0
DA:402,0
DA:403,0
DA:406,0
DA:408,0
DA:413,0
DA:417,0
DA:418,0
DA:419,0
DA:420,0
DA:424,0
DA:425,0
DA:426,0
DA:427,0
DA:428,0
DA:433,0
DA:435,0
DA:437,0
DA:438,0
DA:439,0
DA:441,0
DA:452,0
DA:457,0
DA:458,0
DA:462,0
DA:463,0
DA:465,0
DA:466,0
DA:467,0
DA:468,0
DA:470,0
DA:474,0
DA:479,0
DA:480,0
DA:482,0
DA:483,0
DA:484,0
DA:485,0
DA:490,0
DA:493,0
DA:494,0
DA:495,0
DA:502,0
DA:521,0
DA:522,0
DA:523,0
DA:524,0
DA:533,0
DA:534,0
DA:536,0
DA:537,0
DA:538,0
DA:539,0
DA:540,0
DA:541,0
DA:542,0
DA:543,0
DA:544,0
DA:549,0
DA:550,0
DA:551,0
DA:552,0
DA:553,0
DA:556,0
DA:559,0
DA:563,0
DA:564,0
DA:566,0
DA:571,0
DA:572,0
DA:574,0
DA:575,0
DA:576,0
DA:578,0
DA:579,0
DA:585,0
DA:590,0
DA:594,0
DA:595,0
DA:597,0
DA:599,0
DA:600,0
DA:602,0
DA:604,0
DA:606,0
DA:608,0
DA:610,0
DA:612,0
DA:614,0
DA:616,0
DA:618,0
DA:620,0
DA:621,0
DA:627,0
DA:628,0
DA:630,0
DA:631,0
DA:632,0
DA:633,0
DA:634,0
DA:636,0
DA:637,0
DA:638,0
DA:639,0
DA:640,0
DA:641,0
DA:645,0
DA:649,0
DA:655,0
DA:660,0
DA:661,0
DA:666,0
DA:667,0
DA:672,0
DA:676,0
DA:680,0
DA:682,0
LF:232
LH:0
BRDA:30,0,0,0
BRDA:30,0,1,0
BRDA:65,1,0,0
BRDA:67,2,0,0
BRDA:88,3,0,0
BRDA:88,3,1,0
BRDA:140,4,0,0
BRDA:141,5,0,0
BRDA:150,6,0,0
BRDA:150,6,1,0
BRDA:152,7,0,0
BRDA:152,7,1,0
BRDA:153,8,0,0
BRDA:153,8,1,0
BRDA:165,9,0,0
BRDA:165,9,1,0
BRDA:169,10,0,0
BRDA:169,10,1,0
BRDA:171,11,0,0
BRDA:171,11,1,0
BRDA:172,12,0,0
BRDA:172,12,1,0
BRDA:174,13,0,0
BRDA:174,13,1,0
BRDA:198,14,0,0
BRDA:198,14,1,0
BRDA:206,15,0,0
BRDA:206,15,1,0
BRDA:238,16,0,0
BRDA:261,17,0,0
BRDA:261,17,1,0
BRDA:277,18,0,0
BRDA:277,18,1,0
BRDA:303,19,0,0
BRDA:329,20,0,0
BRDA:336,21,0,0
BRDA:352,22,0,0
BRDA:352,23,0,0
BRDA:352,23,1,0
BRDA:362,24,0,0
BRDA:375,25,0,0
BRDA:388,26,0,0
BRDA:388,27,0,0
BRDA:388,27,1,0
BRDA:398,28,0,0
BRDA:425,29,0,0
BRDA:438,30,0,0
BRDA:463,31,0,0
BRDA:466,32,0,0
BRDA:466,32,1,0
BRDA:467,33,0,0
BRDA:467,33,1,0
BRDA:468,34,0,0
BRDA:468,34,1,0
BRDA:470,35,0,0
BRDA:470,35,1,0
BRDA:470,35,2,0
BRDA:474,36,0,0
BRDA:474,36,1,0
BRDA:480,37,0,0
BRDA:483,38,0,0
BRDA:483,38,1,0
BRDA:484,39,0,0
BRDA:484,39,1,0
BRDA:485,40,0,0
BRDA:485,40,1,0
BRDA:490,41,0,0
BRDA:503,42,0,0
BRDA:503,42,1,0
BRDA:504,43,0,0
BRDA:504,43,1,0
BRDA:506,44,0,0
BRDA:506,44,1,0
BRDA:508,45,0,0
BRDA:508,45,1,0
BRDA:509,46,0,0
BRDA:509,46,1,0
BRDA:522,47,0,0
BRDA:536,48,0,0
BRDA:536,48,1,0
BRDA:538,49,0,0
BRDA:538,49,1,0
BRDA:542,50,0,0
BRDA:551,51,0,0
BRDA:572,52,0,0
BRDA:595,53,0,0
BRDA:597,54,0,0
BRDA:597,54,1,0
BRDA:597,54,2,0
BRDA:597,54,3,0
BRDA:597,54,4,0
BRDA:602,55,0,0
BRDA:608,56,0,0
BRDA:614,57,0,0
BRDA:636,58,0,0
BRDA:637,59,0,0
BRDA:638,60,0,0
BRDA:639,61,0,0
BRDA:640,62,0,0
BRDA:645,63,0,0
BRDA:645,63,1,0
BRDA:655,64,0,0
BRDA:655,64,1,0
BRDA:660,65,0,0
BRDA:666,66,0,0
BRF:105
BRH:0
end_of_record
TN:
SF:src/components/OutputChannels.ts
FN:13,(anonymous_4)
FN:20,(anonymous_5)
FN:21,(anonymous_6)
FN:25,(anonymous_7)
FN:29,(anonymous_8)
FN:36,(anonymous_9)
FN:44,(anonymous_10)
FN:50,(anonymous_11)
FN:57,(anonymous_12)
FN:94,(anonymous_13)
FN:98,(anonymous_14)
FN:106,(anonymous_15)
FN:113,(anonymous_16)
FN:123,(anonymous_17)
FN:134,(anonymous_18)
FN:143,(anonymous_19)
FN:153,(anonymous_20)
FN:162,(anonymous_21)
FN:171,(anonymous_22)
FN:178,(anonymous_23)
FN:184,(anonymous_24)
FN:214,(anonymous_25)
FN:220,(anonymous_26)
FN:234,(anonymous_27)
FN:249,(anonymous_28)
FN:252,(anonymous_29)
FN:264,(anonymous_30)
FN:271,(anonymous_31)
FN:278,(anonymous_32)
FN:284,(anonymous_33)
FN:290,(anonymous_34)
FNF:31
FNH:0
FNDA:0,(anonymous_4)
FNDA:0,(anonymous_5)
FNDA:0,(anonymous_6)
FNDA:0,(anonymous_7)
FNDA:0,(anonymous_8)
FNDA:0,(anonymous_9)
FNDA:0,(anonymous_10)
FNDA:0,(anonymous_11)
FNDA:0,(anonymous_12)
FNDA:0,(anonymous_13)
FNDA:0,(anonymous_14)
FNDA:0,(anonymous_15)
FNDA:0,(anonymous_16)
FNDA:0,(anonymous_17)
FNDA:0,(anonymous_18)
FNDA:0,(anonymous_19)
FNDA:0,(anonymous_20)
FNDA:0,(anonymous_21)
FNDA:0,(anonymous_22)
FNDA:0,(anonymous_23)
FNDA:0,(anonymous_24)
FNDA:0,(anonymous_25)
FNDA:0,(anonymous_26)
FNDA:0,(anonymous_27)
FNDA:0,(anonymous_28)
FNDA:0,(anonymous_29)
FNDA:0,(anonymous_30)
FNDA:0,(anonymous_31)
FNDA:0,(anonymous_32)
FNDA:0,(anonymous_33)
FNDA:0,(anonymous_34)
DA:1,0
DA:2,0
DA:3,0
DA:4,0
DA:7,0
DA:8,0
DA:9,0
DA:10,0
DA:11,0
DA:14,0
DA:15,0
DA:17,0
DA:21,0
DA:22,0
DA:25,0
DA:26,0
DA:29,0
DA:30,0
DA:31,0
DA:32,0
DA:36,0
DA:37,0
DA:38,0
DA:39,0
DA:40,0
DA:44,0
DA:45,0
DA:46,0
DA:51,0
DA:52,0
DA:53,0
DA:54,0
DA:58,0
DA:60,0
DA:87,0
DA:88,0
DA:89,0
DA:91,0
DA:95,0
DA:98,0
DA:99,0
DA:100,0
DA:101,0
DA:106,0
DA:107,0
DA:108,0
DA:112,0
DA:113,0
DA:114,0
DA:115,0
DA:116,0
DA:121,0
DA:122,0
DA:123,0
DA:124,0
DA:125,0
DA:126,0
DA:127,0
DA:132,0
DA:133,0
DA:134,0
DA:135,0
DA:136,0
DA:137,0
DA:138,0
DA:144,0
DA:146,0
DA:147,0
DA:150,0
DA:153,0
DA:154,0
DA:155,0
DA:156,0
DA:157,0
DA:158,0
DA:163,0
DA:165,0
DA:167,0
DA:168,0
DA:171,0
DA:172,0
DA:175,0
DA:179,0
DA:180,0
DA:185,0
DA:187,0
DA:188,0
DA:190,0
DA:191,0
DA:193,0
DA:199,0
DA:202,0
DA:203,0
DA:204,0
DA:208,0
DA:209,0
DA:210,0
DA:215,0
DA:216,0
DA:221,0
DA:222,0
DA:223,0
DA:226,0
DA:227,0
DA:230,0
DA:233,0
DA:234,0
DA:235,0
DA:236,0
DA:237,0
DA:238,0
DA:239,0
DA:242,0
DA:243,0
DA:250,0
DA:252,0
DA:253,0
DA:256,0
DA:257,0
DA:258,0
DA:259,0
DA:265,0
DA:266,0
DA:267,0
DA:268,0
DA:272,0
DA:273,0
DA:274,0
DA:279,0
DA:280,0
DA:285,0
DA:286,0
DA:291,0
LF:133
LH:0
BRDA:31,0,0,0
BRDA:39,1,0,0
BRDA:39,2,0,0
BRDA:39,2,1,0
BRDA:58,3,0,0
BRDA:95,4,0,0
BRDA:100,5,0,0
BRDA:115,6,0,0
BRDA:126,7,0,0
BRDA:126,8,0,0
BRDA:126,8,1,0
BRDA:137,9,0,0
BRDA:144,10,0,0
BRDA:163,11,0,0
BRDA:168,12,0,0
BRDA:179,13,0,0
BRDA:185,14,0,0
BRDA:203,15,0,0
BRDA:215,16,0,0
BRDA:221,17,0,0
BRDA:221,18,0,0
BRDA:221,18,1,0
BRDA:227,19,0,0
BRDA:236,20,0,0
BRDA:237,21,0,0
BRDA:237,21,1,0
BRDA:238,22,0,0
BRDA:250,23,0,0
BRDA:257,24,0,0
BRDA:258,25,0,0
BRDA:258,25,1,0
BRDA:279,26,0,0
BRDA:285,27,0,0
BRF:33
BRH:0
end_of_record
TN:
SF:src/components/OutputPanel.ts
FN:4,(anonymous_1)
FN:8,(anonymous_2)
FN:13,(anonymous_3)
FN:27,(anonymous_4)
FN:30,(anonymous_5)
FN:40,(anonymous_6)
FN:51,(anonymous_7)
FN:57,(anonymous_8)
FNF:8
FNH:0
FNDA:0,(anonymous_1)
FNDA:0,(anonymous_2)
FNDA:0,(anonymous_3)
FNDA:0,(anonymous_4)
FNDA:0,(anonymous_5)
FNDA:0,(anonymous_6)
FNDA:0,(anonymous_7)
FNDA:0,(anonymous_8)
DA:1,0
DA:4,0
DA:5,0
DA:6,0
DA:9,0
DA:10,0
DA:14,0
DA:16,0
DA:24,0
DA:26,0
DA:27,0
DA:31,0
DA:33,0
DA:34,0
DA:35,0
DA:36,0
DA:37,0
DA:41,0
DA:43,0
DA:44,0
DA:45,0
DA:46,0
DA:47,0
DA:48,0
DA:52,0
DA:53,0
DA:58,0
DA:59,0
LF:28
LH:0
BRDA:14,0,0,0
BRDA:31,1,0,0
BRDA:41,2,0,0
BRDA:52,3,0,0
BRDA:58,4,0,0
BRF:5
BRH:0
end_of_record
TN:
SF:src/components/ProblemsPanel.ts
FN:15,(anonymous_13)
FN:23,(anonymous_14)
FN:24,(anonymous_15)
FN:28,(anonymous_16)
FN:32,(anonymous_17)
FN:37,(anonymous_18)
FN:43,(anonymous_19)
FN:81,(anonymous_20)
FN:85,(anonymous_21)
FN:86,(anonymous_22)
FN:97,(anonymous_23)
FN:102,(anonymous_24)
FN:106,(anonymous_25)
FN:116,(anonymous_26)
FN:125,(anonymous_27)
FN:128,(anonymous_28)
FN:130,(anonymous_29)
FN:132,(anonymous_30)
FN:141,(anonymous_31)
FN:166,(anonymous_32)
FN:179,(anonymous_33)
FN:203,(anonymous_34)
FN:213,(anonymous_35)
FN:237,(anonymous_36)
FN:244,(anonymous_37)
FN:259,(anonymous_38)
FN:288,(anonymous_39)
FN:316,(anonymous_40)
FN:320,(anonymous_41)
FNF:29
FNH:0
FNDA:0,(anonymous_13)
FNDA:0,(anonymous_14)
FNDA:0,(anonymous_15)
FNDA:0,(anonymous_16)
FNDA:0,(anonymous_17)
FNDA:0,(anonymous_18)
FNDA:0,(anonymous_19)
FNDA:0,(anonymous_20)
FNDA:0,(anonymous_21)
FNDA:0,(anonymous_22)
FNDA:0,(anonymous_23)
FNDA:0,(anonymous_24)
FNDA:0,(anonymous_25)
FNDA:0,(anonymous_26)
FNDA:0,(anonymous_27)
FNDA:0,(anonymous_28)
FNDA:0,(anonymous_29)
FNDA:0,(anonymous_30)
FNDA:0,(anonymous_31)
FNDA:0,(anonymous_32)
FNDA:0,(anonymous_33)
FNDA:0,(anonymous_34)
FNDA:0,(anonymous_35)
FNDA:0,(anonymous_36)
FNDA:0,(anonymous_37)
FNDA:0,(anonymous_38)
FNDA:0,(anonymous_39)
FNDA:0,(anonymous_40)
FNDA:0,(anonymous_41)
DA:1,0
DA:2,0
DA:3,0
DA:4,0
DA:5,0
DA:6,0
DA:9,0
DA:10,0
DA:11,0
DA:12,0
DA:13,0
DA:16,0
DA:17,0
DA:18,0
DA:20,0
DA:24,0
DA:25,0
DA:28,0
DA:29,0
DA:32,0
DA:33,0
DA:38,0
DA:39,0
DA:40,0
DA:44,0
DA:46,0
DA:77,0
DA:78,0
DA:82,0
DA:85,0
DA:86,0
DA:87,0
DA:88,0
DA:89,0
DA:90,0
DA:96,0
DA:97,0
DA:98,0
DA:103,0
DA:106,0
DA:107,0
DA:110,0
DA:111,0
DA:113,0
DA:117,0
DA:120,0
DA:122,0
DA:126,0
DA:128,0
DA:130,0
DA:132,0
DA:133,0
DA:137,0
DA:142,0
DA:144,0
DA:146,0
DA:147,0
DA:148,0
DA:149,0
DA:153,0
DA:154,0
DA:158,0
DA:160,0
DA:161,0
DA:162,0
DA:167,0
DA:169,0
DA:170,0
DA:171,0
DA:173,0
DA:176,0
DA:180,0
DA:181,0
DA:183,0
DA:184,0
DA:187,0
DA:188,0
DA:189,0
DA:197,0
DA:200,0
DA:201,0
DA:203,0
DA:204,0
DA:205,0
DA:208,0
DA:210,0
DA:214,0
DA:215,0
DA:216,0
DA:217,0
DA:218,0
DA:220,0
DA:222,0
DA:237,0
DA:238,0
DA:241,0
DA:245,0
DA:247,0
DA:249,0
DA:251,0
DA:253,0
DA:255,0
DA:260,0
DA:262,0
DA:265,0
DA:266,0
DA:268,0
DA:269,0
DA:270,0
DA:271,0
DA:274,0
DA:281,0
DA:284,0
DA:289,0
DA:291,0
DA:294,0
DA:295,0
DA:296,0
DA:300,0
DA:301,0
DA:302,0
DA:305,0
DA:306,0
DA:307,0
DA:310,0
DA:311,0
DA:312,0
DA:317,0
DA:322,0
DA:323,0
LF:130
LH:0
BRDA:44,0,0,0
BRDA:82,1,0,0
BRDA:89,2,0,0
BRDA:126,3,0,0
BRDA:126,3,1,0
BRDA:126,3,2,0
BRDA:126,3,3,0
BRDA:133,4,0,0
BRDA:133,4,1,0
BRDA:142,5,0,0
BRDA:146,6,0,0
BRDA:170,7,0,0
BRDA:230,8,0,0
BRDA:230,8,1,0
BRDA:231,9,0,0
BRDA:231,9,1,0
BRDA:245,10,0,0
BRDA:245,10,1,0
BRDA:245,10,2,0
BRDA:245,10,3,0
BRDA:245,10,4,0
BRDA:266,11,0,0
BRDA:289,12,0,0
BRDA:295,13,0,0
BRDA:301,14,0,0
BRDA:306,15,0,0
BRDA:311,16,0,0
BRDA:317,17,0,0
BRDA:317,17,1,0
BRDA:323,18,0,0
BRDA:323,18,1,0
BRF:31
BRH:0
end_of_record
TN:
SF:src/components/QuickOpen.ts
FN:12,(anonymous_4)
FN:19,(anonymous_5)
FN:20,(anonymous_6)
FN:26,(anonymous_7)
FN:32,(anonymous_8)
FN:36,(anonymous_9)
FN:99,(anonymous_10)
FN:107,(anonymous_11)
FN:112,(anonymous_12)
FN:122,(anonymous_13)
FN:132,(anonymous_14)
FN:137,(anonymous_15)
FN:144,(anonymous_16)
FN:153,(anonymous_17)
FN:164,(anonymous_18)
FN:166,(anonymous_19)
FN:197,(anonymous_20)
FN:208,(anonymous_21)
FN:223,(anonymous_22)
FN:254,(anonymous_23)
FN:291,(anonymous_24)
FN:337,(anonymous_25)
FN:342,(anonymous_26)
FN:343,(anonymous_27)
FN:344,(anonymous_28)
FN:357,(anonymous_29)
FN:368,(anonymous_30)
FN:380,(anonymous_31)
FN:391,(anonymous_32)
FN:398,(anonymous_33)
FN:403,(anonymous_34)
FN:419,(anonymous_35)
FN:441,(anonymous_36)
FN:447,(anonymous_37)
FN:453,(anonymous_38)
FN:459,(anonymous_39)
FN:465,(anonymous_40)
FN:474,(anonymous_41)
FN:478,(anonymous_42)
FNF:39
FNH:0
FNDA:0,(anonymous_4)
FNDA:0,(anonymous_5)
FNDA:0,(anonymous_6)
FNDA:0,(anonymous_7)
FNDA:0,(anonymous_8)
FNDA:0,(anonymous_9)
FNDA:0,(anonymous_10)
FNDA:0,(anonymous_11)
FNDA:0,(anonymous_12)
FNDA:0,(anonymous_13)
FNDA:0,(anonymous_14)
FNDA:0,(anonymous_15)
FNDA:0,(anonymous_16)
FNDA:0,(anonymous_17)
FNDA:0,(anonymous_18)
FNDA:0,(anonymous_19)
FNDA:0,(anonymous_20)
FNDA:0,(anonymous_21)
FNDA:0,(anonymous_22)
FNDA:0,(anonymous_23)
FNDA:0,(anonymous_24)
FNDA:0,(anonymous_25)
FNDA:0,(anonymous_26)
FNDA:0,(anonymous_27)
FNDA:0,(anonymous_28)
FNDA:0,(anonymous_29)
FNDA:0,(anonymous_30)
FNDA:0,(anonymous_31)
FNDA:0,(anonymous_32)
FNDA:0,(anonymous_33)
FNDA:0,(anonymous_34)
FNDA:0,(anonymous_35)
FNDA:0,(anonymous_36)
FNDA:0,(anonymous_37)
FNDA:0,(anonymous_38)
FNDA:0,(anonymous_39)
FNDA:0,(anonymous_40)
FNDA:0,(anonymous_41)
FNDA:0,(anonymous_42)
DA:1,0
DA:2,0
DA:3,0
DA:4,0
DA:7,0
DA:8,0
DA:9,0
DA:10,0
DA:13,0
DA:14,0
DA:16,0
DA:20,0
DA:21,0
DA:22,0
DA:23,0
DA:26,0
DA:27,0
DA:28,0
DA:33,0
DA:37,0
DA:38,0
DA:39,0
DA:41,0
DA:93,0
DA:94,0
DA:96,0
DA:100,0
DA:102,0
DA:103,0
DA:106,0
DA:107,0
DA:108,0
DA:109,0
DA:112,0
DA:114,0
DA:116,0
DA:122,0
DA:123,0
DA:125,0
DA:126,0
DA:127,0
DA:132,0
DA:133,0
DA:137,0
DA:138,0
DA:139,0
DA:141,0
DA:142,0
DA:143,0
DA:144,0
DA:145,0
DA:146,0
DA:153,0
DA:154,0
DA:155,0
DA:157,0
DA:158,0
DA:159,0
DA:166,0
DA:167,0
DA:170,0
DA:173,0
DA:174,0
DA:176,0
DA:177,0
DA:179,0
DA:180,0
DA:181,0
DA:183,0
DA:184,0
DA:185,0
DA:187,0
DA:188,0
DA:189,0
DA:194,0
DA:198,0
DA:200,0
DA:201,0
DA:202,0
DA:204,0
DA:205,0
DA:206,0
DA:207,0
DA:208,0
DA:211,0
DA:214,0
DA:215,0
DA:218,0
DA:219,0
DA:224,0
DA:226,0
DA:228,0
DA:229,0
DA:230,0
DA:238,0
DA:242,0
DA:243,0
DA:245,0
DA:246,0
DA:249,0
DA:250,0
DA:251,0
DA:254,0
DA:255,0
DA:256,0
DA:258,0
DA:288,0
DA:292,0
DA:294,0
DA:295,0
DA:297,0
DA:298,0
DA:307,0
DA:309,0
DA:317,0
DA:325,0
DA:333,0
DA:338,0
DA:340,0
DA:342,0
DA:343,0
DA:344,0
DA:346,0
DA:347,0
DA:348,0
DA:351,0
DA:354,0
DA:358,0
DA:365,0
DA:369,0
DA:377,0
DA:381,0
DA:388,0
DA:392,0
DA:394,0
DA:395,0
DA:399,0
DA:402,0
DA:403,0
DA:404,0
DA:405,0
DA:407,0
DA:412,0
DA:413,0
DA:420,0
DA:422,0
DA:423,0
DA:425,0
DA:426,0
DA:428,0
DA:442,0
DA:443,0
DA:448,0
DA:449,0
DA:450,0
DA:453,0
DA:454,0
DA:460,0
DA:461,0
DA:462,0
DA:465,0
DA:466,0
DA:467,0
DA:475,0
DA:479,0
DA:480,0
LF:166
LH:0
BRDA:100,0,0,0
BRDA:106,1,0,0
BRDA:114,2,0,0
BRDA:125,3,0,0
BRDA:141,4,0,0
BRDA:143,5,0,0
BRDA:145,6,0,0
BRDA:157,7,0,0
BRDA:158,8,0,0
BRDA:158,8,1,0
BRDA:176,9,0,0
BRDA:176,10,0,0
BRDA:176,10,1,0
BRDA:177,11,0,0
BRDA:177,11,1,0
BRDA:177,11,2,0
BRDA:198,12,0,0
BRDA:198,13,0,0
BRDA:198,13,1,0
BRDA:204,14,0,0
BRDA:204,14,1,0
BRDA:206,15,0,0
BRDA:214,16,0,0
BRDA:218,17,0,0
BRDA:224,18,0,0
BRDA:228,19,0,0
BRDA:229,20,0,0
BRDA:229,20,1,0
BRDA:246,21,0,0
BRDA:250,22,0,0
BRDA:250,23,0,0
BRDA:250,23,1,0
BRDA:259,24,0,0
BRDA:259,24,1,0
BRDA:270,25,0,0
BRDA:270,25,1,0
BRDA:277,26,0,0
BRDA:277,26,1,0
BRDA:292,27,0,0
BRDA:297,28,0,0
BRDA:307,29,0,0
BRDA:307,29,1,0
BRDA:307,29,2,0
BRDA:307,29,3,0
BRDA:340,30,0,0
BRDA:340,30,1,0
BRDA:346,31,0,0
BRDA:347,32,0,0
BRDA:348,33,0,0
BRDA:365,34,0,0
BRDA:365,34,1,0
BRDA:377,35,0,0
BRDA:377,35,1,0
BRDA:388,36,0,0
BRDA:388,36,1,0
BRDA:392,37,0,0
BRDA:399,38,0,0
BRDA:404,39,0,0
BRDA:404,39,1,0
BRDA:420,40,0,0
BRDA:423,41,0,0
BRDA:433,42,0,0
BRDA:433,42,1,0
BRDA:442,43,0,0
BRDA:448,44,0,0
BRDA:460,45,0,0
BRDA:466,46,0,0
BRF:67
BRH:0
end_of_record
TN:
SF:src/components/SourceControlPanel.ts
FN:15,(anonymous_4)
FN:24,(anonymous_5)
FN:25,(anonymous_6)
FN:32,(anonymous_7)
FN:40,(anonymous_8)
FN:44,(anonymous_9)
FN:48,(anonymous_10)
FN:54,(anonymous_11)
FN:59,(anonymous_12)
FN:75,(anonymous_13)
FN:79,(anonymous_14)
FN:97,(anonymous_15)
FN:115,(anonymous_16)
FN:133,(anonymous_17)
FN:154,(anonymous_18)
FN:159,(anonymous_19)
FN:245,(anonymous_20)
FN:267,(anonymous_21)
FN:373,(anonymous_22)
FN:374,(anonymous_23)
FN:398,(anonymous_24)
FN:424,(anonymous_25)
FN:430,(anonymous_26)
FN:435,(anonymous_27)
FN:443,(anonymous_28)
FN:447,(anonymous_29)
FN:451,(anonymous_30)
FN:455,(anonymous_31)
FN:459,(anonymous_32)
FN:464,(anonymous_33)
FN:468,(anonymous_34)
FN:473,(anonymous_35)
FN:483,(anonymous_36)
FN:497,(anonymous_37)
FN:507,(anonymous_38)
FN:516,(anonymous_39)
FN:519,(anonymous_40)
FN:525,(anonymous_41)
FN:537,(anonymous_42)
FN:545,(anonymous_43)
FN:553,(anonymous_44)
FN:558,(anonymous_45)
FN:577,(anonymous_46)
FN:602,(anonymous_47)
FN:614,(anonymous_48)
FN:629,(anonymous_49)
FN:638,(anonymous_50)
FN:643,(anonymous_51)
FN:649,(anonymous_52)
FN:654,(anonymous_53)
FN:658,(anonymous_54)
FN:672,(anonymous_55)
FN:686,(anonymous_56)
FN:691,(anonymous_57)
FN:697,(anonymous_58)
FN:703,(anonymous_59)
FN:708,(anonymous_60)
FNF:57
FNH:0
FNDA:0,(anonymous_4)
FNDA:0,(anonymous_5)
FNDA:0,(anonymous_6)
FNDA:0,(anonymous_7)
FNDA:0,(anonymous_8)
FNDA:0,(anonymous_9)
FNDA:0,(anonymous_10)
FNDA:0,(anonymous_11)
FNDA:0,(anonymous_12)
FNDA:0,(anonymous_13)
FNDA:0,(anonymous_14)
FNDA:0,(anonymous_15)
FNDA:0,(anonymous_16)
FNDA:0,(anonymous_17)
FNDA:0,(anonymous_18)
FNDA:0,(anonymous_19)
FNDA:0,(anonymous_20)
FNDA:0,(anonymous_21)
FNDA:0,(anonymous_22)
FNDA:0,(anonymous_23)
FNDA:0,(anonymous_24)
FNDA:0,(anonymous_25)
FNDA:0,(anonymous_26)
FNDA:0,(anonymous_27)
FNDA:0,(anonymous_28)
FNDA:0,(anonymous_29)
FNDA:0,(anonymous_30)
FNDA:0,(anonymous_31)
FNDA:0,(anonymous_32)
FNDA:0,(anonymous_33)
FNDA:0,(anonymous_34)
FNDA:0,(anonymous_35)
FNDA:0,(anonymous_36)
FNDA:0,(anonymous_37)
FNDA:0,(anonymous_38)
FNDA:0,(anonymous_39)
FNDA:0,(anonymous_40)
FNDA:0,(anonymous_41)
FNDA:0,(anonymous_42)
FNDA:0,(anonymous_43)
FNDA:0,(anonymous_44)
FNDA:0,(anonymous_45)
FNDA:0,(anonymous_46)
FNDA:0,(anonymous_47)
FNDA:0,(anonymous_48)
FNDA:0,(anonymous_49)
FNDA:0,(anonymous_50)
FNDA:0,(anonymous_51)
FNDA:0,(anonymous_52)
FNDA:0,(anonymous_53)
FNDA:0,(anonymous_54)
FNDA:0,(anonymous_55)
FNDA:0,(anonymous_56)
FNDA:0,(anonymous_57)
FNDA:0,(anonymous_58)
FNDA:0,(anonymous_59)
FNDA:0,(anonymous_60)
DA:1,0
DA:2,0
DA:3,0
DA:4,0
DA:5,0
DA:6,0
DA:9,0
DA:10,0
DA:11,0
DA:12,0
DA:13,0
DA:16,0
DA:17,0
DA:18,0
DA:19,0
DA:21,0
DA:25,0
DA:26,0
DA:27,0
DA:28,0
DA:29,0
DA:32,0
DA:33,0
DA:34,0
DA:35,0
DA:36,0
DA:40,0
DA:41,0
DA:44,0
DA:45,0
DA:48,0
DA:49,0
DA:50,0
DA:51,0
DA:54,0
DA:55,0
DA:60,0
DA:67,0
DA:68,0
DA:69,0
DA:70,0
DA:72,0
DA:76,0
DA:79,0
DA:94,0
DA:97,0
DA:112,0
DA:115,0
DA:130,0
DA:133,0
DA:148,0
DA:151,0
DA:155,0
DA:156,0
DA:160,0
DA:162,0
DA:163,0
DA:173,0
DA:174,0
DA:177,0
DA:178,0
DA:180,0
DA:242,0
DA:246,0
DA:248,0
DA:249,0
DA:250,0
DA:252,0
DA:253,0
DA:256,0
DA:257,0
DA:258,0
DA:260,0
DA:261,0
DA:264,0
DA:268,0
DA:270,0
DA:271,0
DA:274,0
DA:275,0
DA:295,0
DA:296,0
DA:319,0
DA:320,0
DA:340,0
DA:341,0
DA:360,0
DA:361,0
DA:370,0
DA:374,0
DA:375,0
DA:376,0
DA:377,0
DA:378,0
DA:379,0
DA:381,0
DA:399,0
DA:401,0
DA:403,0
DA:404,0
DA:405,0
DA:406,0
DA:408,0
DA:409,0
DA:410,0
DA:412,0
DA:413,0
DA:414,0
DA:416,0
DA:417,0
DA:418,0
DA:421,0
DA:425,0
DA:428,0
DA:429,0
DA:430,0
DA:431,0
DA:432,0
DA:435,0
DA:436,0
DA:437,0
DA:443,0
DA:444,0
DA:447,0
DA:448,0
DA:451,0
DA:452,0
DA:455,0
DA:456,0
DA:459,0
DA:460,0
DA:464,0
DA:465,0
DA:468,0
DA:469,0
DA:473,0
DA:474,0
DA:476,0
DA:477,0
DA:478,0
DA:483,0
DA:484,0
DA:486,0
DA:487,0
DA:488,0
DA:489,0
DA:490,0
DA:492,0
DA:497,0
DA:498,0
DA:499,0
DA:501,0
DA:502,0
DA:507,0
DA:508,0
DA:510,0
DA:511,0
DA:517,0
DA:519,0
DA:521,0
DA:526,0
DA:528,0
DA:529,0
DA:533,0
DA:538,0
DA:539,0
DA:541,0
DA:546,0
DA:547,0
DA:549,0
DA:555,0
DA:559,0
DA:561,0
DA:562,0
DA:565,0
DA:567,0
DA:570,0
DA:572,0
DA:573,0
DA:578,0
DA:580,0
DA:581,0
DA:583,0
DA:584,0
DA:586,0
DA:587,0
DA:589,0
DA:591,0
DA:592,0
DA:594,0
DA:595,0
DA:598,0
DA:603,0
DA:605,0
DA:606,0
DA:607,0
DA:609,0
DA:610,0
DA:615,0
DA:616,0
DA:618,0
DA:619,0
DA:620,0
DA:621,0
DA:623,0
DA:624,0
DA:625,0
DA:630,0
DA:631,0
DA:632,0
DA:633,0
DA:634,0
DA:640,0
DA:645,0
DA:650,0
DA:651,0
DA:655,0
DA:659,0
DA:669,0
DA:673,0
DA:683,0
DA:687,0
DA:692,0
DA:693,0
DA:698,0
DA:699,0
DA:704,0
DA:705,0
DA:709,0
DA:710,0
DA:711,0
DA:712,0
DA:714,0
LF:233
LH:0
BRDA:34,0,0,0
BRDA:34,1,0,0
BRDA:34,1,1,0
BRDA:160,2,0,0
BRDA:162,3,0,0
BRDA:178,4,0,0
BRDA:178,4,1,0
BRDA:178,4,2,0
BRDA:190,5,0,0
BRDA:190,5,1,0
BRDA:226,6,0,0
BRDA:226,6,1,0
BRDA:226,7,0,0
BRDA:226,7,1,0
BRDA:246,8,0,0
BRDA:252,9,0,0
BRDA:252,10,0,0
BRDA:252,10,1,0
BRDA:257,11,0,0
BRDA:260,12,0,0
BRDA:268,13,0,0
BRDA:274,14,0,0
BRDA:295,15,0,0
BRDA:319,16,0,0
BRDA:340,17,0,0
BRDA:360,18,0,0
BRDA:382,19,0,0
BRDA:382,19,1,0
BRDA:401,20,0,0
BRDA:401,20,1,0
BRDA:401,20,2,0
BRDA:401,20,3,0
BRDA:425,21,0,0
BRDA:429,22,0,0
BRDA:436,23,0,0
BRDA:436,24,0,0
BRDA:436,24,1,0
BRDA:436,24,2,0
BRDA:476,25,0,0
BRDA:486,26,0,0
BRDA:501,27,0,0
BRDA:501,28,0,0
BRDA:501,28,1,0
BRDA:510,29,0,0
BRDA:517,30,0,0
BRDA:526,31,0,0
BRDA:526,32,0,0
BRDA:526,32,1,0
BRDA:559,33,0,0
BRDA:559,33,1,0
BRDA:559,33,2,0
BRDA:559,33,3,0
BRDA:567,34,0,0
BRDA:578,35,0,0
BRDA:578,35,1,0
BRDA:578,35,2,0
BRDA:578,35,3,0
BRDA:578,35,4,0
BRDA:578,35,5,0
BRDA:586,36,0,0
BRDA:605,37,0,0
BRDA:605,37,1,0
BRDA:618,38,0,0
BRDA:618,38,1,0
BRDA:624,39,0,0
BRDA:631,40,0,0
BRDA:632,41,0,0
BRDA:632,41,1,0
BRDA:634,42,0,0
BRDA:634,42,1,0
BRDA:650,43,0,0
BRDA:651,44,0,0
BRDA:651,44,1,0
BRDA:655,45,0,0
BRDA:655,45,1,0
BRDA:669,46,0,0
BRDA:669,46,1,0
BRDA:683,47,0,0
BRDA:683,47,1,0
BRDA:692,48,0,0
BRDA:698,49,0,0
BRDA:711,50,0,0
BRF:82
BRH:0
end_of_record
TN:
SF:src/components/TaskRunner.ts
FN:13,(anonymous_4)
FN:27,(anonymous_5)
FN:33,(anonymous_6)
FN:43,(anonymous_7)
FN:47,(anonymous_8)
FN:51,(anonymous_9)
FN:56,(anonymous_10)
FN:62,(anonymous_11)
FN:71,(anonymous_12)
FN:89,(anonymous_13)
FN:93,(anonymous_14)
FNF:11
FNH:0
FNDA:0,(anonymous_4)
FNDA:0,(anonymous_5)
FNDA:0,(anonymous_6)
FNDA:0,(anonymous_7)
FNDA:0,(anonymous_8)
FNDA:0,(anonymous_9)
FNDA:0,(anonymous_10)
FNDA:0,(anonymous_11)
FNDA:0,(anonymous_12)
FNDA:0,(anonymous_13)
FNDA:0,(anonymous_14)
DA:1,0
DA:2,0
DA:3,0
DA:4,0
DA:7,0
DA:11,0
DA:14,0
DA:15,0
DA:17,0
DA:18,0
DA:20,0
DA:21,0
DA:23,0
DA:24,0
DA:25,0
DA:26,0
DA:27,0
DA:29,0
DA:30,0
DA:34,0
DA:35,0
DA:36,0
DA:38,0
DA:39,0
DA:40,0
DA:44,0
DA:45,0
DA:47,0
DA:48,0
DA:49,0
DA:50,0
DA:51,0
DA:52,0
DA:57,0
DA:58,0
DA:61,0
DA:62,0
DA:63,0
DA:64,0
DA:66,0
DA:72,0
DA:74,0
DA:75,0
DA:76,0
DA:78,0
DA:80,0
DA:82,0
DA:84,0
DA:85,0
DA:90,0
DA:94,0
LF:51
LH:0
BRDA:63,0,0,0
BRDA:63,0,1,0
BRDA:72,1,0,0
BRF:3
BRH:0
end_of_record
TN:
SF:src/components/Terminal.ts
FN:13,(anonymous_4)
FN:20,(anonymous_5)
FN:21,(anonymous_6)
FN:26,(anonymous_7)
FN:31,(anonymous_8)
FN:36,(anonymous_9)
FN:42,(anonymous_10)
FN:51,(anonymous_11)
FN:82,(anonymous_12)
FN:87,(anonymous_13)
FN:95,(anonymous_14)
FN:105,(anonymous_15)
FN:113,(anonymous_16)
FN:132,(anonymous_17)
FN:148,(anonymous_18)
FN:156,(anonymous_19)
FN:164,(anonymous_20)
FN:182,(anonymous_21)
FN:184,(anonymous_22)
FN:189,(anonymous_23)
FN:204,(anonymous_24)
FN:209,(anonymous_25)
FN:217,(anonymous_26)
FN:224,(anonymous_27)
FNF:24
FNH:0
FNDA:0,(anonymous_4)
FNDA:0,(anonymous_5)
FNDA:0,(anonymous_6)
FNDA:0,(anonymous_7)
FNDA:0,(anonymous_8)
FNDA:0,(anonymous_9)
FNDA:0,(anonymous_10)
FNDA:0,(anonymous_11)
FNDA:0,(anonymous_12)
FNDA:0,(anonymous_13)
FNDA:0,(anonymous_14)
FNDA:0,(anonymous_15)
FNDA:0,(anonymous_16)
FNDA:0,(anonymous_17)
FNDA:0,(anonymous_18)
FNDA:0,(anonymous_19)
FNDA:0,(anonymous_20)
FNDA:0,(anonymous_21)
FNDA:0,(anonymous_22)
FNDA:0,(anonymous_23)
FNDA:0,(anonymous_24)
FNDA:0,(anonymous_25)
FNDA:0,(anonymous_26)
FNDA:0,(anonymous_27)
DA:1,0
DA:2,0
DA:3,0
DA:4,0
DA:7,0
DA:8,0
DA:9,0
DA:10,0
DA:11,0
DA:14,0
DA:15,0
DA:17,0
DA:21,0
DA:22,0
DA:23,0
DA:26,0
DA:27,0
DA:28,0
DA:31,0
DA:32,0
DA:33,0
DA:36,0
DA:37,0
DA:38,0
DA:43,0
DA:44,0
DA:47,0
DA:48,0
DA:52,0
DA:54,0
DA:76,0
DA:77,0
DA:79,0
DA:83,0
DA:86,0
DA:87,0
DA:88,0
DA:89,0
DA:90,0
DA:94,0
DA:95,0
DA:98,0
DA:99,0
DA:100,0
DA:104,0
DA:105,0
DA:106,0
DA:107,0
DA:108,0
DA:114,0
DA:117,0
DA:118,0
DA:119,0
DA:120,0
DA:122,0
DA:123,0
DA:126,0
DA:129,0
DA:133,0
DA:135,0
DA:136,0
DA:137,0
DA:139,0
DA:148,0
DA:149,0
DA:150,0
DA:155,0
DA:156,0
DA:157,0
DA:158,0
DA:161,0
DA:166,0
DA:167,0
DA:170,0
DA:171,0
DA:172,0
DA:173,0
DA:177,0
DA:178,0
DA:184,0
DA:185,0
DA:189,0
DA:190,0
DA:194,0
DA:195,0
DA:198,0
DA:199,0
DA:200,0
DA:204,0
DA:205,0
DA:210,0
DA:211,0
DA:212,0
DA:213,0
DA:218,0
DA:219,0
DA:220,0
DA:225,0
DA:226,0
DA:227,0
LF:100
LH:0
BRDA:52,0,0,0
BRDA:83,1,0,0
BRDA:107,2,0,0
BRDA:114,3,0,0
BRDA:133,4,0,0
BRDA:149,5,0,0
BRDA:171,6,0,0
BRDA:177,7,0,0
BRDA:199,8,0,0
BRDA:212,9,0,0
BRDA:219,10,0,0
BRDA:226,11,0,0
BRF:12
BRH:0
end_of_record
TN:
SF:src/components/Toolbar.ts
FN:4,(anonymous_1)
FN:12,(anonymous_2)
FN:17,(anonymous_3)
FN:32,(anonymous_4)
FN:41,(anonymous_5)
FN:42,(anonymous_6)
FN:43,(anonymous_7)
FN:44,(anonymous_8)
FN:45,(anonymous_9)
FN:48,(anonymous_10)
FN:52,(anonymous_11)
FN:56,(anonymous_12)
FN:60,(anonymous_13)
FN:64,(anonymous_14)
FNF:14
FNH:0
FNDA:0,(anonymous_1)
FNDA:0,(anonymous_2)
FNDA:0,(anonymous_3)
FNDA:0,(anonymous_4)
FNDA:0,(anonymous_5)
FNDA:0,(anonymous_6)
FNDA:0,(anonymous_7)
FNDA:0,(anonymous_8)
FNDA:0,(anonymous_9)
FNDA:0,(anonymous_10)
FNDA:0,(anonymous_11)
FNDA:0,(anonymous_12)
FNDA:0,(anonymous_13)
FNDA:0,(anonymous_14)
DA:1,0
DA:4,0
DA:5,0
DA:6,0
DA:7,0
DA:8,0
DA:9,0
DA:10,0
DA:13,0
DA:14,0
DA:18,0
DA:20,0
DA:29,0
DA:33,0
DA:35,0
DA:36,0
DA:37,0
DA:38,0
DA:39,0
DA:41,0
DA:42,0
DA:43,0
DA:44,0
DA:45,0
DA:49,0
DA:53,0
DA:57,0
DA:61,0
DA:65,0
LF:29
LH:0
BRDA:18,0,0,0
BRDA:33,1,0,0
BRF:2
BRH:0
end_of_record
TN:
SF:src/components/ui/button.tsx
FN:43,(anonymous_9)
FNF:1
FNH:0
FNDA:0,(anonymous_9)
DA:1,0
DA:2,0
DA:3,0
DA:5,0
DA:7,0
DA:42,0
DA:44,0
DA:45,0
DA:54,0
DA:56,0
LF:10
LH:0
BRDA:43,0,0,0
BRDA:44,1,0,0
BRDA:44,1,1,0
BRF:3
BRH:0
end_of_record
TN:
SF:src/components/ui/dropdown-menu.tsx
FN:24,(anonymous_9)
FN:44,(anonymous_10)
FN:60,(anonymous_11)
FN:80,(anonymous_12)
FN:96,(anonymous_13)
FN:120,(anonymous_14)
FN:144,(anonymous_15)
FN:160,(anonymous_16)
FN:169,(anonymous_17)
FNF:9
FNH:0
FNDA:0,(anonymous_9)
FNDA:0,(anonymous_10)
FNDA:0,(anonymous_11)
FNDA:0,(anonymous_12)
FNDA:0,(anonymous_13)
FNDA:0,(anonymous_14)
FNDA:0,(anonymous_15)
FNDA:0,(anonymous_16)
FNDA:0,(anonymous_17)
DA:1,0
DA:2,0
DA:3,0
DA:5,0
DA:7,0
DA:9,0
DA:11,0
DA:13,0
DA:15,0
DA:17,0
DA:19,0
DA:25,0
DA:38,0
DA:41,0
DA:45,0
DA:54,0
DA:57,0
DA:61,0
DA:73,0
DA:75,0
DA:81,0
DA:91,0
DA:93,0
DA:97,0
DA:114,0
DA:117,0
DA:121,0
DA:137,0
DA:139,0
DA:145,0
DA:155,0
DA:157,0
DA:161,0
DA:167,0
DA:169,0
DA:173,0
DA:180,0
DA:183,0
DA:184,0
DA:185,0
DA:186,0
DA:187,0
DA:188,0
DA:189,0
DA:190,0
DA:191,0
DA:192,0
DA:193,0
DA:194,0
DA:195,0
DA:196,0
DA:197,0
LF:52
LH:0
BRDA:29,0,0,0
BRDA:29,0,1,0
BRDA:60,1,0,0
BRDA:85,2,0,0
BRDA:85,2,1,0
BRDA:149,3,0,0
BRDA:149,3,1,0
BRF:7
BRH:0
end_of_record
TN:
SF:src/components/ui/separator.tsx
FN:10,(anonymous_9)
FNF:1
FNH:0
FNDA:0,(anonymous_9)
DA:1,0
DA:2,0
DA:4,0
DA:6,0
DA:14,0
DA:27,0
DA:29,0
LF:7
LH:0
BRDA:11,0,0,0
BRDA:11,1,0,0
BRDA:20,2,0,0
BRDA:20,2,1,0
BRF:4
BRH:0
end_of_record
TN:
SF:src/components/ui/tabs.tsx
FN:11,(anonymous_9)
FN:26,(anonymous_10)
FN:41,(anonymous_11)
FNF:3
FNH:0
FNDA:0,(anonymous_9)
FNDA:0,(anonymous_10)
FNDA:0,(anonymous_11)
DA:1,0
DA:2,0
DA:4,0
DA:6,0
DA:8,0
DA:12,0
DA:21,0
DA:23,0
DA:27,0
DA:36,0
DA:38,0
DA:42,0
DA:51,0
DA:53,0
LF:14
LH:0
BRF:0
BRH:0
end_of_record
TN:
SF:src/components/ui/tooltip.tsx
FN:15,(anonymous_9)
FNF:1
FNH:0
FNDA:0,(anonymous_9)
DA:1,0
DA:2,0
DA:4,0
DA:6,0
DA:8,0
DA:10,0
DA:12,0
DA:16,0
DA:26,0
DA:28,0
LF:10
LH:0
BRDA:15,0,0,0
BRF:1
BRH:0
end_of_record
TN:
SF:src/config/database.ts
FN:36,(anonymous_0)
FNF:1
FNH:0
FNDA:0,(anonymous_0)
DA:12,0
DA:24,0
DA:36,0
DA:37,0
DA:38,0
DA:40,0
LF:6
LH:0
BRDA:13,0,0,0
BRDA:13,0,1,0
BRDA:14,1,0,0
BRDA:14,1,1,0
BRDA:25,2,0,0
BRDA:25,2,1,0
BRDA:37,3,0,0
BRDA:37,4,0,0
BRDA:37,4,1,0
BRF:9
BRH:0
end_of_record
TN:
SF:src/contributions/editor-contributions.ts
FN:10,(anonymous_13)
FN:29,(anonymous_14)
FN:33,(anonymous_15)
FN:40,(anonymous_16)
FN:46,(anonymous_17)
FN:55,(anonymous_18)
FN:61,(anonymous_19)
FN:70,(anonymous_20)
FN:76,(anonymous_21)
FN:85,(anonymous_22)
FN:91,(anonymous_23)
FN:100,(anonymous_24)
FN:106,(anonymous_25)
FN:120,(anonymous_26)
FN:126,(anonymous_27)
FN:135,(anonymous_28)
FN:141,(anonymous_29)
FN:150,(anonymous_30)
FN:156,(anonymous_31)
FN:165,(anonymous_32)
FN:175,(anonymous_33)
FN:184,(anonymous_34)
FN:198,(anonymous_35)
FN:210,(anonymous_36)
FN:337,(anonymous_37)
FNF:25
FNH:0
FNDA:0,(anonymous_13)
FNDA:0,(anonymous_14)
FNDA:0,(anonymous_15)
FNDA:0,(anonymous_16)
FNDA:0,(anonymous_17)
FNDA:0,(anonymous_18)
FNDA:0,(anonymous_19)
FNDA:0,(anonymous_20)
FNDA:0,(anonymous_21)
FNDA:0,(anonymous_22)
FNDA:0,(anonymous_23)
FNDA:0,(anonymous_24)
FNDA:0,(anonymous_25)
FNDA:0,(anonymous_26)
FNDA:0,(anonymous_27)
FNDA:0,(anonymous_28)
FNDA:0,(anonymous_29)
FNDA:0,(anonymous_30)
FNDA:0,(anonymous_31)
FNDA:0,(anonymous_32)
FNDA:0,(anonymous_33)
FNDA:0,(anonymous_34)
FNDA:0,(anonymous_35)
FNDA:0,(anonymous_36)
FNDA:0,(anonymous_37)
DA:1,0
DA:2,0
DA:7,0
DA:8,0
DA:10,0
DA:11,0
DA:12,0
DA:13,0
DA:14,0
DA:15,0
DA:16,0
DA:17,0
DA:18,0
DA:19,0
DA:20,0
DA:21,0
DA:22,0
DA:23,0
DA:24,0
DA:28,0
DA:30,0
DA:35,0
DA:41,0
DA:42,0
DA:43,0
DA:46,0
DA:50,0
DA:56,0
DA:57,0
DA:58,0
DA:61,0
DA:65,0
DA:71,0
DA:72,0
DA:73,0
DA:76,0
DA:80,0
DA:86,0
DA:87,0
DA:88,0
DA:91,0
DA:95,0
DA:101,0
DA:102,0
DA:103,0
DA:107,0
DA:108,0
DA:109,0
DA:110,0
DA:115,0
DA:121,0
DA:122,0
DA:123,0
DA:126,0
DA:130,0
DA:136,0
DA:137,0
DA:138,0
DA:141,0
DA:145,0
DA:151,0
DA:152,0
DA:153,0
DA:156,0
DA:160,0
DA:166,0
DA:167,0
DA:168,0
DA:169,0
DA:170,0
DA:175,0
DA:179,0
DA:185,0
DA:186,0
DA:187,0
DA:193,0
DA:199,0
DA:200,0
DA:201,0
DA:209,0
DA:212,0
DA:219,0
DA:241,0
DA:248,0
DA:282,0
DA:289,0
DA:305,0
DA:336,0
DA:339,0
DA:346,0
DA:353,0
DA:360,0
DA:367,0
DA:374,0
DA:381,0
DA:388,0
DA:395,0
LF:97
LH:0
BRDA:10,0,0,0
BRDA:10,0,1,0
BRDA:42,1,0,0
BRDA:57,2,0,0
BRDA:72,3,0,0
BRDA:87,4,0,0
BRDA:102,5,0,0
BRDA:108,6,0,0
BRDA:110,7,0,0
BRDA:110,7,1,0
BRDA:122,8,0,0
BRDA:137,9,0,0
BRDA:152,10,0,0
BRDA:167,11,0,0
BRDA:186,12,0,0
BRDA:200,13,0,0
BRF:16
BRH:0
end_of_record
TN:
SF:src/contributions/file-contributions.ts
FN:9,(anonymous_4)
FN:18,(anonymous_5)
FN:22,(anonymous_6)
FN:29,(anonymous_7)
FN:41,(anonymous_8)
FN:53,(anonymous_9)
FN:57,(anonymous_10)
FN:69,(anonymous_11)
FN:79,(anonymous_12)
FN:129,(anonymous_13)
FNF:10
FNH:0
FNDA:0,(anonymous_4)
FNDA:0,(anonymous_5)
FNDA:0,(anonymous_6)
FNDA:0,(anonymous_7)
FNDA:0,(anonymous_8)
FNDA:0,(anonymous_9)
FNDA:0,(anonymous_10)
FNDA:0,(anonymous_11)
FNDA:0,(anonymous_12)
FNDA:0,(anonymous_13)
DA:1,0
DA:2,0
DA:7,0
DA:9,0
DA:10,0
DA:11,0
DA:12,0
DA:13,0
DA:17,0
DA:19,0
DA:24,0
DA:30,0
DA:31,0
DA:36,0
DA:42,0
DA:43,0
DA:48,0
DA:54,0
DA:55,0
DA:59,0
DA:64,0
DA:70,0
DA:71,0
DA:78,0
DA:81,0
DA:88,0
DA:116,0
DA:128,0
DA:131,0
DA:137,0
DA:143,0
DA:150,0
LF:32
LH:0
BRDA:9,0,0,0
BRDA:9,0,1,0
BRF:2
BRH:0
end_of_record
TN:
SF:src/contributions/ui-contributions.ts
FN:10,(anonymous_4)
FN:14,(anonymous_5)
FN:18,(anonymous_6)
FN:22,(anonymous_7)
FN:27,(anonymous_8)
FN:32,(anonymous_9)
FN:37,(anonymous_10)
FN:43,(anonymous_11)
FN:48,(anonymous_12)
FN:53,(anonymous_13)
FN:58,(anonymous_14)
FN:63,(anonymous_15)
FN:70,(anonymous_16)
FN:74,(anonymous_17)
FN:78,(anonymous_18)
FN:101,(anonymous_19)
FN:105,(anonymous_20)
FN:109,(anonymous_21)
FNF:18
FNH:0
FNDA:0,(anonymous_4)
FNDA:0,(anonymous_5)
FNDA:0,(anonymous_6)
FNDA:0,(anonymous_7)
FNDA:0,(anonymous_8)
FNDA:0,(anonymous_9)
FNDA:0,(anonymous_10)
FNDA:0,(anonymous_11)
FNDA:0,(anonymous_12)
FNDA:0,(anonymous_13)
FNDA:0,(anonymous_14)
FNDA:0,(anonymous_15)
FNDA:0,(anonymous_16)
FNDA:0,(anonymous_17)
FNDA:0,(anonymous_18)
FNDA:0,(anonymous_19)
FNDA:0,(anonymous_20)
FNDA:0,(anonymous_21)
DA:1,0
DA:2,0
DA:3,0
DA:4,0
DA:5,0
DA:9,0
DA:11,0
DA:15,0
DA:20,0
DA:22,0
DA:25,0
DA:27,0
DA:30,0
DA:32,0
DA:35,0
DA:37,0
DA:41,0
DA:43,0
DA:46,0
DA:48,0
DA:51,0
DA:53,0
DA:56,0
DA:58,0
DA:61,0
DA:63,0
DA:69,0
DA:71,0
DA:75,0
DA:83,0
DA:90,0
DA:100,0
DA:102,0
DA:106,0
DA:110,0
DA:116,0
LF:36
LH:0
BRF:0
BRH:0
end_of_record
TN:
SF:src/core/command-registry.ts
FN:29,(anonymous_4)
FN:33,(anonymous_5)
FN:45,(anonymous_6)
FN:52,(anonymous_7)
FN:74,(anonymous_8)
FN:78,(anonymous_9)
FN:82,(anonymous_10)
FN:91,(anonymous_11)
FN:100,(anonymous_12)
FNF:9
FNH:0
FNDA:0,(anonymous_4)
FNDA:0,(anonymous_5)
FNDA:0,(anonymous_6)
FNDA:0,(anonymous_7)
FNDA:0,(anonymous_8)
FNDA:0,(anonymous_9)
FNDA:0,(anonymous_10)
FNDA:0,(anonymous_11)
FNDA:0,(anonymous_12)
DA:1,0
DA:2,0
DA:3,0
DA:25,0
DA:26,0
DA:27,0
DA:30,0
DA:34,0
DA:35,0
DA:36,0
DA:39,0
DA:40,0
DA:42,0
DA:46,0
DA:47,0
DA:49,0
DA:53,0
DA:54,0
DA:55,0
DA:58,0
DA:59,0
DA:62,0
DA:64,0
DA:65,0
DA:66,0
DA:67,0
DA:69,0
DA:70,0
DA:75,0
DA:79,0
DA:83,0
DA:84,0
DA:85,0
DA:88,0
DA:92,0
DA:93,0
DA:94,0
DA:97,0
DA:101,0
DA:102,0
DA:103,0
DA:106,0
LF:42
LH:0
BRDA:34,0,0,0
BRDA:54,1,0,0
BRDA:58,2,0,0
BRDA:58,3,0,0
BRDA:58,3,1,0
BRDA:84,4,0,0
BRDA:88,5,0,0
BRDA:88,5,1,0
BRDA:93,6,0,0
BRDA:97,7,0,0
BRDA:97,7,1,0
BRDA:102,8,0,0
BRDA:106,9,0,0
BRDA:106,9,1,0
BRF:14
BRH:0
end_of_record
TN:
SF:src/core/contribution-loader.ts
FN:10,(anonymous_4)
FN:19,(anonymous_5)
FNF:2
FNH:0
FNDA:0,(anonymous_4)
FNDA:0,(anonymous_5)
DA:1,0
DA:2,0
DA:4,0
DA:5,0
DA:6,0
DA:9,0
DA:11,0
DA:12,0
DA:13,0
DA:14,0
DA:15,0
DA:16,0
DA:21,0
DA:22,0
DA:26,0
DA:27,0
DA:31,0
DA:32,0
LF:18
LH:0
BRF:0
BRH:0
end_of_record
TN:
SF:src/core/contribution-provider.ts
FN:7,(anonymous_2)
FN:12,(anonymous_3)
FN:32,(anonymous_4)
FN:37,bindContributionProvider
FNF:4
FNH:0
FNDA:0,(anonymous_2)
FNDA:0,(anonymous_3)
FNDA:0,(anonymous_4)
FNDA:0,bindContributionProvider
DA:1,0
DA:4,0
DA:8,0
DA:9,0
DA:13,0
DA:14,0
DA:16,0
DA:17,0
DA:18,0
DA:19,0
DA:20,0
DA:23,0
DA:26,0
DA:29,0
DA:33,0
DA:37,0
DA:38,0
LF:17
LH:0
BRDA:13,0,0,0
BRDA:18,1,0,0
BRF:2
BRH:0
end_of_record
TN:
SF:src/core/contributions.ts
FNF:0
FNH:0
DA:5,0
DA:6,0
DA:7,0
LF:3
LH:0
BRF:0
BRH:0
end_of_record
TN:
SF:src/core/event-bus.ts
FN:18,(anonymous_1)
FN:23,(anonymous_2)
FN:32,(anonymous_3)
FN:41,(anonymous_4)
FN:42,(anonymous_5)
FN:50,(anonymous_6)
FN:66,(anonymous_7)
FN:78,(anonymous_8)
FN:88,(anonymous_9)
FN:103,(anonymous_10)
FN:105,(anonymous_11)
FN:110,(anonymous_12)
FN:114,(anonymous_13)
FNF:13
FNH:5
FNDA:28,(anonymous_1)
FNDA:4,(anonymous_2)
FNDA:0,(anonymous_3)
FNDA:0,(anonymous_4)
FNDA:0,(anonymous_5)
FNDA:3,(anonymous_6)
FNDA:3,(anonymous_7)
FNDA:0,(anonymous_8)
FNDA:1,(anonymous_9)
FNDA:0,(anonymous_10)
FNDA:0,(anonymous_11)
FNDA:0,(anonymous_12)
FNDA:0,(anonymous_13)
DA:1,3
DA:18,3
DA:19,28
DA:20,28
DA:21,28
DA:24,4
DA:25,3
DA:28,4
DA:29,4
DA:31,4
DA:33,0
DA:34,0
DA:35,0
DA:42,0
DA:43,0
DA:44,0
DA:47,0
DA:51,3
DA:58,3
DA:59,3
DA:60,0
DA:64,3
DA:65,3
DA:66,2
DA:67,3
DA:68,3
DA:70,0
DA:76,3
DA:77,3
DA:78,0
DA:79,0
DA:80,0
DA:82,0
DA:89,1
DA:90,0
DA:91,0
DA:94,1
DA:95,1
DA:96,1
DA:97,1
DA:98,1
DA:104,0
DA:105,0
DA:107,0
DA:111,0
DA:115,0
LF:46
LH:26
BRDA:24,0,0,3
BRDA:34,1,0,0
BRDA:59,2,0,0
BRDA:65,3,0,2
BRDA:77,4,0,0
BRDA:89,5,0,0
BRDA:95,6,0,1
BRDA:97,7,0,1
BRDA:104,8,0,0
BRF:9
BRH:4
end_of_record
TN:
SF:src/core/inversify.config.ts
FNF:0
FNH:0
DA:1,0
DA:2,0
DA:3,0
DA:4,0
DA:5,0
DA:6,0
DA:7,0
DA:8,0
DA:9,0
DA:10,0
DA:11,0
DA:12,0
DA:13,0
DA:14,0
DA:15,0
DA:16,0
DA:17,0
DA:18,0
DA:19,0
DA:20,0
DA:21,0
DA:22,0
DA:23,0
DA:24,0
DA:25,0
DA:26,0
DA:27,0
DA:28,0
DA:29,0
DA:30,0
DA:31,0
DA:32,0
DA:33,0
DA:34,0
DA:35,0
DA:36,0
DA:37,0
DA:38,0
DA:39,0
DA:40,0
DA:41,0
DA:42,0
DA:43,0
DA:44,0
DA:45,0
DA:46,0
DA:47,0
DA:48,0
DA:49,0
DA:50,0
DA:51,0
DA:52,0
DA:53,0
DA:58,0
DA:63,0
DA:68,0
DA:69,0
DA:70,0
DA:71,0
DA:72,0
DA:73,0
DA:74,0
DA:76,0
DA:79,0
DA:80,0
DA:81,0
DA:82,0
DA:83,0
DA:86,0
DA:87,0
DA:88,0
DA:89,0
DA:90,0
DA:91,0
DA:92,0
DA:95,0
DA:96,0
DA:97,0
DA:98,0
DA:99,0
DA:102,0
DA:103,0
DA:104,0
DA:105,0
DA:108,0
DA:109,0
DA:110,0
DA:111,0
DA:112,0
DA:113,0
DA:116,0
DA:117,0
DA:118,0
DA:119,0
DA:122,0
DA:123,0
DA:126,0
DA:127,0
DA:130,0
DA:131,0
DA:134,0
DA:135,0
DA:136,0
DA:137,0
DA:138,0
DA:139,0
DA:140,0
DA:141,0
DA:142,0
DA:143,0
DA:144,0
DA:145,0
DA:146,0
DA:147,0
DA:148,0
DA:149,0
DA:150,0
DA:151,0
DA:154,0
DA:158,0
DA:159,0
DA:160,0
DA:163,0
DA:164,0
DA:165,0
DA:168,0
DA:169,0
DA:170,0
DA:172,0
LF:129
LH:0
BRF:0
BRH:0
end_of_record
TN:
SF:src/core/keybinding-registry.ts
FN:27,(anonymous_4)
FN:34,(anonymous_5)
FN:35,(anonymous_6)
FN:38,(anonymous_7)
FN:49,(anonymous_8)
FN:54,(anonymous_9)
FN:62,(anonymous_10)
FN:74,(anonymous_11)
FN:80,(anonymous_12)
FN:93,(anonymous_13)
FN:118,(anonymous_14)
FN:128,(anonymous_15)
FN:141,(anonymous_16)
FN:151,(anonymous_17)
FN:174,(anonymous_18)
FN:182,(anonymous_19)
FN:186,(anonymous_20)
FN:192,(anonymous_21)
FNF:18
FNH:0
FNDA:0,(anonymous_4)
FNDA:0,(anonymous_5)
FNDA:0,(anonymous_6)
FNDA:0,(anonymous_7)
FNDA:0,(anonymous_8)
FNDA:0,(anonymous_9)
FNDA:0,(anonymous_10)
FNDA:0,(anonymous_11)
FNDA:0,(anonymous_12)
FNDA:0,(anonymous_13)
FNDA:0,(anonymous_14)
FNDA:0,(anonymous_15)
FNDA:0,(anonymous_16)
FNDA:0,(anonymous_17)
FNDA:0,(anonymous_18)
FNDA:0,(anonymous_19)
FNDA:0,(anonymous_20)
FNDA:0,(anonymous_21)
DA:1,0
DA:2,0
DA:3,0
DA:4,0
DA:23,0
DA:24,0
DA:25,0
DA:28,0
DA:29,0
DA:31,0
DA:35,0
DA:39,0
DA:41,0
DA:42,0
DA:45,0
DA:46,0
DA:49,0
DA:51,0
DA:55,0
DA:57,0
DA:58,0
DA:60,0
DA:61,0
DA:62,0
DA:63,0
DA:64,0
DA:66,0
DA:71,0
DA:76,0
DA:82,0
DA:83,0
DA:84,0
DA:85,0
DA:86,0
DA:87,0
DA:88,0
DA:95,0
DA:96,0
DA:97,0
DA:100,0
DA:101,0
DA:103,0
DA:104,0
DA:107,0
DA:108,0
DA:109,0
DA:110,0
DA:112,0
DA:113,0
DA:119,0
DA:129,0
DA:131,0
DA:132,0
DA:133,0
DA:134,0
DA:136,0
DA:138,0
DA:142,0
DA:143,0
DA:145,0
DA:148,0
DA:152,0
DA:156,0
DA:157,0
DA:159,0
DA:160,0
DA:161,0
DA:162,0
DA:164,0
DA:165,0
DA:166,0
DA:167,0
DA:171,0
DA:175,0
DA:176,0
DA:177,0
DA:179,0
DA:183,0
DA:185,0
DA:186,0
DA:189,0
DA:193,0
LF:82
LH:0
BRDA:41,0,0,0
BRDA:49,1,0,0
BRDA:49,1,1,0
BRDA:49,2,0,0
BRDA:49,2,1,0
BRDA:57,3,0,0
BRDA:57,3,1,0
BRDA:61,4,0,0
BRDA:63,5,0,0
BRDA:63,5,1,0
BRDA:85,6,0,0
BRDA:85,7,0,0
BRDA:85,7,1,0
BRDA:86,8,0,0
BRDA:87,9,0,0
BRDA:96,10,0,0
BRDA:96,11,0,0
BRDA:96,11,1,0
BRDA:104,12,0,0
BRDA:108,13,0,0
BRDA:112,14,0,0
BRDA:112,14,1,0
BRDA:121,15,0,0
BRDA:121,15,1,0
BRDA:131,16,0,0
BRDA:132,17,0,0
BRDA:133,18,0,0
BRDA:134,19,0,0
BRDA:134,20,0,0
BRDA:134,20,1,0
BRDA:142,21,0,0
BRDA:142,21,1,0
BRDA:152,22,0,0
BRDA:164,23,0,0
BRDA:164,23,1,0
BRDA:165,24,0,0
BRDA:165,24,1,0
BRDA:166,25,0,0
BRDA:167,26,0,0
BRDA:167,26,1,0
BRDA:176,27,0,0
BRF:41
BRH:0
end_of_record
TN:
SF:src/core/menu-registry.ts
FN:26,(anonymous_4)
FN:33,(anonymous_5)
FN:44,(anonymous_6)
FN:58,(anonymous_7)
FN:59,(anonymous_8)
FN:62,(anonymous_9)
FN:65,(anonymous_10)
FN:73,(anonymous_11)
FN:77,(anonymous_12)
FN:78,(anonymous_13)
FN:97,(anonymous_14)
FN:106,(anonymous_15)
FN:130,(anonymous_16)
FN:150,(anonymous_17)
FN:167,(anonymous_18)
FN:179,(anonymous_19)
FN:185,(anonymous_20)
FN:189,(anonymous_21)
FNF:18
FNH:0
FNDA:0,(anonymous_4)
FNDA:0,(anonymous_5)
FNDA:0,(anonymous_6)
FNDA:0,(anonymous_7)
FNDA:0,(anonymous_8)
FNDA:0,(anonymous_9)
FNDA:0,(anonymous_10)
FNDA:0,(anonymous_11)
FNDA:0,(anonymous_12)
FNDA:0,(anonymous_13)
FNDA:0,(anonymous_14)
FNDA:0,(anonymous_15)
FNDA:0,(anonymous_16)
FNDA:0,(anonymous_17)
FNDA:0,(anonymous_18)
FNDA:0,(anonymous_19)
FNDA:0,(anonymous_20)
FNDA:0,(anonymous_21)
DA:1,0
DA:2,0
DA:3,0
DA:4,0
DA:23,0
DA:24,0
DA:27,0
DA:28,0
DA:30,0
DA:35,0
DA:36,0
DA:37,0
DA:38,0
DA:39,0
DA:40,0
DA:41,0
DA:45,0
DA:46,0
DA:49,0
DA:50,0
DA:53,0
DA:55,0
DA:59,0
DA:63,0
DA:64,0
DA:65,0
DA:66,0
DA:67,0
DA:68,0
DA:74,0
DA:78,0
DA:80,0
DA:81,0
DA:84,0
DA:85,0
DA:86,0
DA:87,0
DA:91,0
DA:92,0
DA:93,0
DA:98,0
DA:99,0
DA:101,0
DA:102,0
DA:106,0
DA:108,0
DA:109,0
DA:110,0
DA:111,0
DA:113,0
DA:115,0
DA:116,0
DA:117,0
DA:118,0
DA:120,0
DA:121,0
DA:122,0
DA:127,0
DA:132,0
DA:133,0
DA:136,0
DA:137,0
DA:139,0
DA:140,0
DA:141,0
DA:143,0
DA:146,0
DA:147,0
DA:148,0
DA:150,0
DA:151,0
DA:156,0
DA:157,0
DA:158,0
DA:160,0
DA:161,0
DA:162,0
DA:165,0
DA:166,0
DA:167,0
DA:168,0
DA:169,0
DA:170,0
DA:173,0
DA:176,0
DA:182,0
DA:186,0
DA:196,0
DA:197,0
DA:198,0
DA:199,0
DA:203,0
LF:92
LH:0
BRDA:45,0,0,0
BRDA:64,1,0,0
BRDA:66,2,0,0
BRDA:74,3,0,0
BRDA:74,3,1,0
BRDA:80,4,0,0
BRDA:80,5,0,0
BRDA:80,5,1,0
BRDA:81,6,0,0
BRDA:81,7,0,0
BRDA:81,7,1,0
BRDA:84,8,0,0
BRDA:84,8,1,0
BRDA:85,9,0,0
BRDA:85,9,1,0
BRDA:86,10,0,0
BRDA:91,11,0,0
BRDA:91,11,1,0
BRDA:92,12,0,0
BRDA:92,12,1,0
BRDA:99,13,0,0
BRDA:108,14,0,0
BRDA:108,15,0,0
BRDA:108,15,1,0
BRDA:115,16,0,0
BRDA:115,16,1,0
BRDA:121,17,0,0
BRDA:132,18,0,0
BRDA:132,19,0,0
BRDA:132,19,1,0
BRDA:139,20,0,0
BRDA:139,20,1,0
BRDA:141,21,0,0
BRDA:141,21,1,0
BRDA:141,21,2,0
BRDA:146,22,0,0
BRDA:146,22,1,0
BRDA:147,23,0,0
BRDA:147,23,1,0
BRDA:151,24,0,0
BRDA:151,24,1,0
BRDA:156,25,0,0
BRDA:156,25,1,0
BRDA:157,26,0,0
BRDA:160,27,0,0
BRDA:161,28,0,0
BRDA:161,28,1,0
BRDA:169,29,0,0
BRDA:197,30,0,0
BRF:49
BRH:0
end_of_record
TN:
SF:src/core/types.ts
FNF:0
FNH:0
DA:1,4
LF:1
LH:1
BRF:0
BRH:0
end_of_record
TN:
SF:src/lib/utils.ts
FN:4,cn
FNF:1
FNH:0
FNDA:0,cn
DA:1,0
DA:2,0
DA:4,0
DA:5,0
LF:4
LH:0
BRF:0
BRH:0
end_of_record
TN:
SF:src/mocks/child_process.ts
FN:30,(anonymous_0)
FN:32,(anonymous_1)
FN:34,(anonymous_2)
FN:40,(anonymous_3)
FN:45,(anonymous_4)
FN:47,(anonymous_5)
FN:53,(anonymous_6)
FN:58,spawn
FN:63,exec
FN:71,(anonymous_9)
FNF:10
FNH:0
FNDA:0,(anonymous_0)
FNDA:0,(anonymous_1)
FNDA:0,(anonymous_2)
FNDA:0,(anonymous_3)
FNDA:0,(anonymous_4)
FNDA:0,(anonymous_5)
FNDA:0,(anonymous_6)
FNDA:0,spawn
FNDA:0,exec
FNDA:0,(anonymous_9)
DA:30,0
DA:31,0
DA:33,0
DA:34,0
DA:39,0
DA:46,0
DA:47,0
DA:48,0
DA:54,0
DA:58,0
DA:59,0
DA:60,0
DA:63,0
DA:68,0
DA:70,0
DA:71,0
DA:72,0
DA:76,0
DA:79,0
LF:19
LH:0
BRDA:33,0,0,0
BRDA:46,1,0,0
BRDA:46,1,1,0
BRDA:48,2,0,0
BRDA:70,3,0,0
BRF:5
BRH:0
end_of_record
TN:
SF:src/mocks/fs-promises.ts
FN:17,(anonymous_0)
FN:23,(anonymous_1)
FN:24,(anonymous_2)
FN:25,(anonymous_3)
FN:26,(anonymous_4)
FN:27,(anonymous_5)
FN:28,(anonymous_6)
FN:29,(anonymous_7)
FN:44,(anonymous_8)
FN:46,(anonymous_9)
FN:47,(anonymous_10)
FN:48,(anonymous_11)
FN:49,(anonymous_12)
FN:50,(anonymous_13)
FN:51,(anonymous_14)
FN:52,(anonymous_15)
FN:55,readFile
FN:60,writeFile
FN:64,access
FN:68,stat
FN:73,readdir
FN:84,mkdir
FN:88,rmdir
FN:92,unlink
FN:96,rename
FN:100,copyFile
FN:104,watch
FN:107,(anonymous_27)
FN:108,(anonymous_28)
FN:109,(anonymous_29)
FN:110,(anonymous_30)
FNF:31
FNH:0
FNDA:0,(anonymous_0)
FNDA:0,(anonymous_1)
FNDA:0,(anonymous_2)
FNDA:0,(anonymous_3)
FNDA:0,(anonymous_4)
FNDA:0,(anonymous_5)
FNDA:0,(anonymous_6)
FNDA:0,(anonymous_7)
FNDA:0,(anonymous_8)
FNDA:0,(anonymous_9)
FNDA:0,(anonymous_10)
FNDA:0,(anonymous_11)
FNDA:0,(anonymous_12)
FNDA:0,(anonymous_13)
FNDA:0,(anonymous_14)
FNDA:0,(anonymous_15)
FNDA:0,readFile
FNDA:0,writeFile
FNDA:0,access
FNDA:0,stat
FNDA:0,readdir
FNDA:0,mkdir
FNDA:0,rmdir
FNDA:0,unlink
FNDA:0,rename
FNDA:0,copyFile
FNDA:0,watch
FNDA:0,(anonymous_27)
FNDA:0,(anonymous_28)
FNDA:0,(anonymous_29)
FNDA:0,(anonymous_30)
DA:17,0
DA:18,0
DA:19,0
DA:20,0
DA:21,0
DA:23,0
DA:24,0
DA:25,0
DA:26,0
DA:27,0
DA:28,0
DA:29,0
DA:43,0
DA:44,0
DA:46,0
DA:47,0
DA:48,0
DA:49,0
DA:50,0
DA:51,0
DA:52,0
DA:55,0
DA:56,0
DA:57,0
DA:60,0
DA:61,0
DA:64,0
DA:65,0
DA:68,0
DA:69,0
DA:70,0
DA:73,0
DA:74,0
DA:75,0
DA:76,0
DA:81,0
DA:84,0
DA:85,0
DA:88,0
DA:89,0
DA:92,0
DA:93,0
DA:96,0
DA:97,0
DA:100,0
DA:101,0
DA:104,0
DA:105,0
DA:106,0
DA:116,0
LF:50
LH:0
BRDA:44,0,0,0
BRDA:75,1,0,0
BRF:2
BRH:0
end_of_record
TN:
SF:src/mocks/fs.ts
FN:17,(anonymous_0)
FN:23,(anonymous_1)
FN:24,(anonymous_2)
FN:25,(anonymous_3)
FN:26,(anonymous_4)
FN:27,(anonymous_5)
FN:28,(anonymous_6)
FN:29,(anonymous_7)
FN:44,(anonymous_8)
FN:46,(anonymous_9)
FN:47,(anonymous_10)
FN:48,(anonymous_11)
FN:49,(anonymous_12)
FN:50,(anonymous_13)
FN:51,(anonymous_14)
FN:52,(anonymous_15)
FN:55,readFileSync
FN:60,writeFileSync
FN:64,existsSync
FN:69,statSync
FN:74,readdirSync
FN:85,access
FN:88,(anonymous_22)
FN:92,readFile
FN:94,(anonymous_24)
FNF:25
FNH:0
FNDA:0,(anonymous_0)
FNDA:0,(anonymous_1)
FNDA:0,(anonymous_2)
FNDA:0,(anonymous_3)
FNDA:0,(anonymous_4)
FNDA:0,(anonymous_5)
FNDA:0,(anonymous_6)
FNDA:0,(anonymous_7)
FNDA:0,(anonymous_8)
FNDA:0,(anonymous_9)
FNDA:0,(anonymous_10)
FNDA:0,(anonymous_11)
FNDA:0,(anonymous_12)
FNDA:0,(anonymous_13)
FNDA:0,(anonymous_14)
FNDA:0,(anonymous_15)
FNDA:0,readFileSync
FNDA:0,writeFileSync
FNDA:0,existsSync
FNDA:0,statSync
FNDA:0,readdirSync
FNDA:0,access
FNDA:0,(anonymous_22)
FNDA:0,readFile
FNDA:0,(anonymous_24)
DA:17,0
DA:18,0
DA:19,0
DA:20,0
DA:21,0
DA:23,0
DA:24,0
DA:25,0
DA:26,0
DA:27,0
DA:28,0
DA:29,0
DA:43,0
DA:44,0
DA:46,0
DA:47,0
DA:48,0
DA:49,0
DA:50,0
DA:51,0
DA:52,0
DA:55,0
DA:56,0
DA:57,0
DA:60,0
DA:61,0
DA:64,0
DA:65,0
DA:66,0
DA:69,0
DA:70,0
DA:71,0
DA:74,0
DA:75,0
DA:76,0
DA:77,0
DA:82,0
DA:85,0
DA:86,0
DA:87,0
DA:88,0
DA:92,0
DA:93,0
DA:94,0
DA:95,0
DA:101,0
LF:46
LH:0
BRDA:44,0,0,0
BRDA:76,1,0,0
BRDA:87,2,0,0
BRF:3
BRH:0
end_of_record
TN:
SF:src/mocks/monaco-editor.ts
FN:4,(anonymous_0)
FN:6,(anonymous_1)
FN:7,(anonymous_2)
FN:8,(anonymous_3)
FN:11,(anonymous_4)
FN:22,(anonymous_5)
FN:23,(anonymous_6)
FN:39,(anonymous_7)
FN:39,(anonymous_8)
FN:40,(anonymous_9)
FN:40,(anonymous_10)
FNF:11
FNH:3
FNDA:3,(anonymous_0)
FNDA:1,(anonymous_1)
FNDA:0,(anonymous_2)
FNDA:0,(anonymous_3)
FNDA:0,(anonymous_4)
FNDA:7,(anonymous_5)
FNDA:0,(anonymous_6)
FNDA:0,(anonymous_7)
FNDA:0,(anonymous_8)
FNDA:0,(anonymous_9)
FNDA:0,(anonymous_10)
DA:3,1
DA:4,3
DA:6,1
DA:7,0
DA:8,0
DA:11,0
DA:21,1
DA:22,7
DA:23,0
DA:29,1
DA:38,1
DA:39,0
DA:40,0
DA:43,1
DA:44,1
DA:45,1
DA:48,1
DA:57,1
DA:60,1
LF:19
LH:13
BRF:0
BRH:0
end_of_record
TN:
SF:src/mocks/mongodb.ts
FN:5,(anonymous_0)
FN:9,(anonymous_1)
FN:13,(anonymous_2)
FN:17,(anonymous_3)
FN:19,(anonymous_4)
FN:20,(anonymous_5)
FN:20,(anonymous_6)
FN:21,(anonymous_7)
FN:22,(anonymous_8)
FN:23,(anonymous_9)
FN:24,(anonymous_10)
FN:25,(anonymous_11)
FN:27,(anonymous_12)
FN:28,(anonymous_13)
FN:30,(anonymous_14)
FNF:15
FNH:0
FNDA:0,(anonymous_0)
FNDA:0,(anonymous_1)
FNDA:0,(anonymous_2)
FNDA:0,(anonymous_3)
FNDA:0,(anonymous_4)
FNDA:0,(anonymous_5)
FNDA:0,(anonymous_6)
FNDA:0,(anonymous_7)
FNDA:0,(anonymous_8)
FNDA:0,(anonymous_9)
FNDA:0,(anonymous_10)
FNDA:0,(anonymous_11)
FNDA:0,(anonymous_12)
FNDA:0,(anonymous_13)
FNDA:0,(anonymous_14)
DA:4,0
DA:6,0
DA:10,0
DA:14,0
DA:18,0
DA:19,0
DA:20,0
DA:21,0
DA:22,0
DA:23,0
DA:24,0
DA:27,0
DA:28,0
DA:30,0
DA:35,0
DA:36,0
DA:38,0
LF:17
LH:0
BRF:0
BRH:0
end_of_record
TN:
SF:src/mocks/mongoose.ts
FN:12,(anonymous_1)
FN:14,(anonymous_2)
FN:15,(anonymous_3)
FN:16,(anonymous_4)
FN:17,(anonymous_5)
FN:17,(anonymous_6)
FN:19,(anonymous_7)
FN:25,(anonymous_8)
FN:26,(anonymous_9)
FN:34,(anonymous_10)
[...]
DA:461,0
DA:462,0
DA:464,0
DA:465,0
DA:466,0
DA:467,0
DA:469,0
DA:473,0
DA:479,0
DA:487,4
DA:489,4
DA:490,4
DA:492,0
DA:493,0
DA:495,0
DA:496,0
DA:497,0
DA:498,0
DA:499,0
DA:503,4
DA:506,4
DA:511,0
DA:513,0
DA:515,0
DA:516,0
DA:520,0
DA:522,0
DA:523,0
DA:531,0
DA:533,0
DA:535,0
DA:540,0
DA:543,0
DA:544,0
DA:547,0
DA:550,0
DA:553,0
DA:556,0
DA:559,0
DA:562,0
DA:564,0
DA:568,0
DA:569,0
DA:572,0
DA:573,0
DA:574,0
DA:575,0
DA:576,0
DA:578,0
DA:579,0
DA:580,0
DA:581,0
DA:583,0
DA:584,0
DA:585,0
DA:586,0
DA:591,0
DA:592,0
DA:594,0
DA:598,6
DA:599,6
DA:602,6
DA:603,6
DA:604,6
DA:605,6
DA:607,6
DA:609,10023
DA:610,220438
DA:612,220438
DA:613,170420
DA:614,10001
DA:615,10001
DA:616,160419
DA:617,5
DA:618,160414
DA:619,4
DA:621,50018
DA:622,10001
DA:627,10023
DA:628,10023
DA:629,5
DA:630,5
DA:636,5
DA:637,1
DA:642,10023
DA:643,0
DA:647,6
DA:648,1
DA:652,6
DA:653,2
DA:656,6
DA:664,1
DA:668,1
LF:256
LH:81
BRDA:65,0,0,25
BRDA:65,0,1,0
BRDA:86,1,0,20
BRDA:90,2,0,12
BRDA:105,3,0,0
BRDA:105,3,1,0
BRDA:139,4,0,3
BRDA:141,5,0,4
BRDA:148,6,0,0
BRDA:172,7,0,3
BRDA:174,8,0,4
BRDA:216,9,0,0
BRDA:220,10,0,0
BRDA:224,11,0,0
BRDA:228,12,0,0
BRDA:233,13,0,0
BRDA:246,14,0,0
BRDA:251,15,0,0
BRDA:264,16,0,0
BRDA:268,17,0,0
BRDA:273,18,0,0
BRDA:300,19,0,0
BRDA:300,19,1,0
BRDA:327,20,0,0
BRDA:327,20,1,0
BRDA:341,21,0,0
BRDA:360,22,0,0
BRDA:364,23,0,0
BRDA:364,23,1,0
BRDA:379,24,0,0
BRDA:395,25,0,0
BRDA:410,26,0,0
BRDA:410,26,1,0
BRDA:411,27,0,0
BRDA:411,27,1,0
BRDA:411,28,0,0
BRDA:411,28,1,0
BRDA:429,29,0,0
BRDA:429,29,1,0
BRDA:438,30,0,0
BRDA:438,30,1,0
BRDA:454,31,0,4
BRDA:466,32,0,0
BRDA:466,32,1,0
BRDA:469,33,0,0
BRDA:469,33,1,0
BRDA:476,34,0,0
BRDA:476,34,1,0
BRDA:495,35,0,0
BRDA:495,35,1,0
BRDA:495,36,0,0
BRDA:495,36,1,0
BRDA:498,37,0,0
BRDA:498,38,0,0
BRDA:498,38,1,0
BRDA:515,39,0,0
BRDA:522,40,0,0
BRDA:573,41,0,0
BRDA:573,41,1,0
BRDA:575,42,0,0
BRDA:578,43,0,0
BRDA:578,43,1,0
BRDA:580,44,0,0
BRDA:583,45,0,0
BRDA:585,46,0,0
BRDA:612,47,0,170420
BRDA:612,47,1,50018
BRDA:613,48,0,10001
BRDA:613,48,1,160419
BRDA:613,49,0,170420
BRDA:613,49,1,160419
BRDA:613,49,2,160419
BRDA:616,50,0,5
BRDA:616,50,1,160414
BRDA:618,51,0,4
BRDA:621,52,0,10001
BRDA:621,53,0,50018
BRDA:621,53,1,10001
BRDA:628,54,0,5
BRDA:636,55,0,1
BRDA:642,56,0,0
BRDA:642,57,0,10023
BRDA:642,57,1,10002
BRDA:647,58,0,1
BRDA:652,59,0,2
BRDA:671,60,0,0
BRDA:671,60,1,1
BRF:87
BRH:28
end_of_record
TN:
SF:src/services/TaskRunnerService.ts
FN:47,(anonymous_4)
FN:55,(anonymous_5)
FN:56,(anonymous_6)
FN:61,(anonymous_7)
FN:67,(anonymous_8)
FN:153,(anonymous_9)
FN:156,(anonymous_10)
FN:161,(anonymous_11)
FN:167,(anonymous_12)
FN:257,(anonymous_13)
FN:276,(anonymous_14)
FN:301,(anonymous_15)
FN:327,(anonymous_16)
FN:332,(anonymous_17)
FN:352,(anonymous_18)
FN:360,(anonymous_19)
FN:361,(anonymous_20)
FN:364,(anonymous_21)
FN:383,(anonymous_22)
FN:387,(anonymous_23)
FN:391,(anonymous_24)
FN:392,(anonymous_25)
FN:395,(anonymous_26)
FN:397,(anonymous_27)
FN:401,(anonymous_28)
FN:406,(anonymous_29)
FN:410,(anonymous_30)
FN:414,(anonymous_31)
FN:418,(anonymous_32)
FN:422,(anonymous_33)
FNF:30
FNH:0
FNDA:0,(anonymous_4)
FNDA:0,(anonymous_5)
FNDA:0,(anonymous_6)
FNDA:0,(anonymous_7)
FNDA:0,(anonymous_8)
FNDA:0,(anonymous_9)
FNDA:0,(anonymous_10)
FNDA:0,(anonymous_11)
FNDA:0,(anonymous_12)
FNDA:0,(anonymous_13)
FNDA:0,(anonymous_14)
FNDA:0,(anonymous_15)
FNDA:0,(anonymous_16)
FNDA:0,(anonymous_17)
FNDA:0,(anonymous_18)
FNDA:0,(anonymous_19)
FNDA:0,(anonymous_20)
FNDA:0,(anonymous_21)
FNDA:0,(anonymous_22)
FNDA:0,(anonymous_23)
FNDA:0,(anonymous_24)
FNDA:0,(anonymous_25)
FNDA:0,(anonymous_26)
FNDA:0,(anonymous_27)
FNDA:0,(anonymous_28)
FNDA:0,(anonymous_29)
FNDA:0,(anonymous_30)
FNDA:0,(anonymous_31)
FNDA:0,(anonymous_32)
FNDA:0,(anonymous_33)
DA:1,0
DA:2,0
DA:3,0
DA:4,0
DA:42,0
DA:43,0
DA:44,0
DA:45,0
DA:48,0
DA:49,0
DA:51,0
DA:52,0
DA:56,0
DA:57,0
DA:58,0
DA:61,0
DA:62,0
DA:63,0
DA:69,0
DA:153,0
DA:157,0
DA:158,0
DA:162,0
DA:163,0
DA:168,0
DA:169,0
DA:170,0
DA:174,0
DA:175,0
DA:176,0
DA:180,0
DA:181,0
DA:189,0
DA:190,0
DA:191,0
DA:192,0
DA:193,0
DA:194,0
DA:197,0
DA:198,0
DA:200,0
DA:203,0
DA:204,0
DA:208,0
DA:209,0
DA:210,0
DA:215,0
DA:220,0
DA:224,0
DA:226,0
DA:229,0
DA:231,0
DA:233,0
DA:234,0
DA:235,0
DA:237,0
DA:240,0
DA:241,0
DA:242,0
DA:244,0
DA:250,0
DA:251,0
DA:254,0
DA:259,0
DA:261,0
DA:263,0
DA:264,0
DA:266,0
DA:267,0
DA:269,0
DA:270,0
DA:272,0
DA:277,0
DA:286,0
DA:287,0
DA:288,0
DA:290,0
DA:292,0
DA:302,0
DA:304,0
DA:306,0
DA:307,0
DA:308,0
DA:310,0
DA:311,0
DA:312,0
DA:319,0
DA:320,0
DA:328,0
DA:329,0
DA:332,0
DA:333,0
DA:334,0
DA:339,0
DA:340,0
DA:342,0
DA:343,0
DA:347,0
DA:348,0
DA:353,0
DA:355,0
DA:356,0
DA:357,0
DA:361,0
DA:365,0
DA:366,0
DA:367,0
DA:368,0
DA:369,0
DA:371,0
DA:372,0
DA:379,0
DA:384,0
DA:388,0
DA:392,0
DA:396,0
DA:397,0
DA:402,0
DA:407,0
DA:411,0
DA:415,0
DA:419,0
DA:423,0
LF:123
LH:0
BRDA:162,0,0,0
BRDA:169,1,0,0
BRDA:174,2,0,0
BRDA:190,3,0,0
BRDA:190,3,1,0
BRDA:193,4,0,0
BRDA:203,5,0,0
BRDA:208,6,0,0
BRDA:209,7,0,0
BRDA:209,7,1,0
BRDA:224,8,0,0
BRDA:224,9,0,0
BRDA:224,9,1,0
BRDA:224,9,2,0
BRDA:259,10,0,0
BRDA:259,10,1,0
BRDA:261,11,0,0
BRDA:261,11,1,0
BRDA:261,11,2,0
BRDA:261,11,3,0
BRDA:290,12,0,0
BRDA:342,13,0,0
BRDA:347,14,0,0
BRDA:353,15,0,0
BRDA:353,15,1,0
BRDA:366,16,0,0
BRDA:366,17,0,0
BRDA:366,17,1,0
BRDA:371,18,0,0
BRF:29
BRH:0
end_of_record
TN:
SF:src/services/TerminalService.ts
FN:40,(anonymous_13)
FN:48,(anonymous_14)
FN:59,(anonymous_15)
FN:60,(anonymous_16)
FN:64,(anonymous_17)
FN:69,(anonymous_18)
FN:75,(anonymous_19)
FN:160,(anonymous_20)
FN:177,(anonymous_21)
FN:182,(anonymous_22)
FN:188,(anonymous_23)
FN:201,(anonymous_24)
FN:215,(anonymous_25)
FN:219,(anonymous_26)
FN:224,(anonymous_27)
FN:234,(anonymous_28)
FN:243,(anonymous_29)
FN:251,(anonymous_30)
FN:316,(anonymous_31)
FN:340,(anonymous_32)
FN:350,(anonymous_33)
FN:365,(anonymous_34)
FN:385,(anonymous_35)
FN:389,(anonymous_36)
FN:394,(anonymous_37)
FN:410,(anonymous_38)
FN:418,(anonymous_39)
FN:439,(anonymous_40)
FN:457,(anonymous_41)
FN:462,(anonymous_42)
FN:476,(anonymous_43)
FN:477,(anonymous_44)
FN:489,(anonymous_45)
FN:514,(anonymous_46)
FN:552,(anonymous_47)
FN:556,(anonymous_48)
FN:560,(anonymous_49)
FN:567,(anonymous_50)
FN:575,(anonymous_51)
FN:583,(anonymous_52)
FN:591,(anonymous_53)
FN:607,(anonymous_54)
FN:609,(anonymous_55)
FN:612,(anonymous_56)
FN:614,(anonymous_57)
FNF:45
FNH:0
FNDA:0,(anonymous_13)
FNDA:0,(anonymous_14)
FNDA:0,(anonymous_15)
FNDA:0,(anonymous_16)
FNDA:0,(anonymous_17)
FNDA:0,(anonymous_18)
FNDA:0,(anonymous_19)
FNDA:0,(anonymous_20)
FNDA:0,(anonymous_21)
FNDA:0,(anonymous_22)
FNDA:0,(anonymous_23)
FNDA:0,(anonymous_24)
FNDA:0,(anonymous_25)
FNDA:0,(anonymous_26)
FNDA:0,(anonymous_27)
FNDA:0,(anonymous_28)
FNDA:0,(anonymous_29)
FNDA:0,(anonymous_30)
FNDA:0,(anonymous_31)
FNDA:0,(anonymous_32)
FNDA:0,(anonymous_33)
FNDA:0,(anonymous_34)
FNDA:0,(anonymous_35)
FNDA:0,(anonymous_36)
FNDA:0,(anonymous_37)
FNDA:0,(anonymous_38)
FNDA:0,(anonymous_39)
FNDA:0,(anonymous_40)
FNDA:0,(anonymous_41)
FNDA:0,(anonymous_42)
FNDA:0,(anonymous_43)
FNDA:0,(anonymous_44)
FNDA:0,(anonymous_45)
FNDA:0,(anonymous_46)
FNDA:0,(anonymous_47)
FNDA:0,(anonymous_48)
FNDA:0,(anonymous_49)
FNDA:0,(anonymous_50)
FNDA:0,(anonymous_51)
FNDA:0,(anonymous_52)
FNDA:0,(anonymous_53)
FNDA:0,(anonymous_54)
FNDA:0,(anonymous_55)
FNDA:0,(anonymous_56)
FNDA:0,(anonymous_57)
DA:1,0
DA:2,0
DA:3,0
DA:4,0
DA:5,0
DA:6,0
DA:7,0
DA:8,0
DA:9,0
DA:33,0
DA:34,0
DA:35,0
DA:36,0
DA:41,0
DA:43,0
DA:44,0
DA:45,0
DA:50,0
DA:52,0
DA:53,0
DA:55,0
DA:60,0
DA:61,0
DA:64,0
DA:65,0
DA:66,0
DA:69,0
DA:70,0
DA:71,0
DA:76,0
DA:77,0
DA:80,0
DA:115,0
DA:116,0
DA:118,0
DA:119,0
DA:122,0
DA:123,0
DA:124,0
DA:125,0
DA:126,0
DA:128,0
DA:143,0
DA:146,0
DA:148,0
DA:151,0
DA:152,0
DA:155,0
DA:157,0
DA:161,0
DA:162,0
DA:163,0
DA:164,0
DA:167,0
DA:173,0
DA:174,0
DA:177,0
DA:178,0
DA:179,0
DA:182,0
DA:183,0
DA:184,0
DA:188,0
DA:189,0
DA:190,0
DA:194,0
DA:197,0
DA:201,0
DA:202,0
DA:203,0
DA:207,0
DA:210,0
DA:211,0
DA:216,0
DA:219,0
DA:220,0
DA:224,0
DA:225,0
DA:226,0
DA:234,0
DA:235,0
DA:236,0
DA:237,0
DA:238,0
DA:243,0
DA:244,0
DA:245,0
DA:246,0
DA:252,0
DA:253,0
DA:256,0
DA:259,0
DA:261,0
DA:262,0
DA:265,0
DA:266,0
DA:268,0
DA:271,0
DA:272,0
DA:276,0
DA:277,0
DA:278,0
DA:281,0
DA:282,0
DA:283,0
DA:287,0
DA:288,0
DA:290,0
DA:291,0
DA:295,0
DA:296,0
DA:297,0
DA:299,0
DA:303,0
DA:304,0
DA:305,0
DA:307,0
DA:311,0
DA:312,0
DA:317,0
DA:319,0
DA:320,0
DA:321,0
DA:324,0
DA:325,0
DA:327,0
DA:328,0
DA:329,0
DA:333,0
DA:336,0
DA:337,0
DA:341,0
DA:342,0
DA:343,0
DA:345,0
DA:351,0
DA:352,0
DA:354,0
DA:356,0
DA:357,0
DA:360,0
DA:366,0
DA:367,0
DA:369,0
DA:371,0
DA:372,0
DA:374,0
DA:382,0
DA:385,0
DA:386,0
DA:389,0
DA:390,0
DA:394,0
DA:395,0
DA:396,0
DA:397,0
DA:400,0
DA:401,0
DA:405,0
DA:406,0
DA:411,0
DA:412,0
DA:414,0
DA:415,0
DA:419,0
DA:420,0
DA:422,0
DA:423,0
DA:424,0
DA:427,0
DA:428,0
DA:429,0
DA:432,0
DA:434,0
DA:435,0
DA:440,0
DA:441,0
DA:444,0
DA:445,0
DA:446,0
DA:448,0
DA:453,0
DA:454,0
DA:457,0
DA:458,0
DA:463,0
DA:464,0
DA:467,0
DA:470,0
DA:473,0
DA:476,0
DA:477,0
DA:478,0
DA:481,0
DA:484,0
DA:486,0
DA:491,0
DA:492,0
DA:493,0
DA:494,0
DA:495,0
DA:500,0
DA:501,0
DA:502,0
DA:503,0
DA:504,0
DA:507,0
DA:508,0
DA:510,0
DA:515,0
DA:516,0
DA:519,0
DA:520,0
DA:521,0
DA:523,0
DA:528,0
DA:529,0
DA:533,0
DA:536,0
DA:539,0
DA:540,0
DA:543,0
DA:544,0
DA:545,0
DA:549,0
DA:553,0
DA:557,0
DA:561,0
DA:562,0
DA:563,0
DA:568,0
DA:569,0
DA:570,0
DA:571,0
DA:576,0
DA:577,0
DA:578,0
DA:584,0
DA:585,0
DA:588,0
DA:592,0
DA:593,0
DA:595,0
DA:608,0
DA:609,0
DA:613,0
DA:614,0
LF:247
LH:0
BRDA:52,0,0,0
BRDA:52,0,1,0
BRDA:53,1,0,0
BRDA:53,1,1,0
BRDA:55,2,0,0
BRDA:55,2,1,0
BRDA:75,3,0,0
BRDA:135,4,0,0
BRDA:135,4,1,0
BRDA:151,5,0,0
BRDA:162,6,0,0
BRDA:162,6,1,0
BRDA:163,7,0,0
BRDA:163,7,1,0
BRDA:190,8,0,0
BRDA:190,8,1,0
BRDA:236,9,0,0
BRDA:245,10,0,0
BRDA:253,11,0,0
BRDA:259,12,0,0
BRDA:259,12,1,0
BRDA:259,12,2,0
BRDA:265,13,0,0
BRDA:265,14,0,0
BRDA:265,14,1,0
BRDA:276,15,0,0
BRDA:281,16,0,0
BRDA:287,17,0,0
BRDA:288,18,0,0
BRDA:295,19,0,0
BRDA:303,20,0,0
BRDA:303,20,1,0
BRDA:305,21,0,0
BRDA:305,22,0,0
BRDA:305,22,1,0
BRDA:311,23,0,0
BRDA:311,24,0,0
BRDA:311,24,1,0
BRDA:317,25,0,0
BRDA:319,26,0,0
BRDA:319,26,1,0
BRDA:320,27,0,0
BRDA:324,28,0,0
BRDA:324,28,1,0
BRDA:333,29,0,0
BRDA:333,29,1,0
BRDA:341,30,0,0
BRDA:341,31,0,0
BRDA:341,31,1,0
BRDA:351,32,0,0
BRDA:351,33,0,0
BRDA:351,33,1,0
BRDA:356,34,0,0
BRDA:356,35,0,0
BRDA:356,35,1,0
BRDA:365,36,0,0
BRDA:367,37,0,0
BRDA:371,38,0,0
BRDA:371,38,1,0
BRDA:395,39,0,0
BRDA:395,39,1,0
BRDA:396,40,0,0
BRDA:396,40,1,0
BRDA:410,41,0,0
BRDA:412,42,0,0
BRDA:420,43,0,0
BRDA:427,44,0,0
BRDA:427,45,0,0
BRDA:427,45,1,0
BRDA:428,46,0,0
BRDA:428,46,1,0
BRDA:441,47,0,0
BRDA:444,48,0,0
BRDA:464,49,0,0
BRDA:491,50,0,0
BRDA:493,51,0,0
BRDA:501,52,0,0
BRDA:516,53,0,0
BRDA:519,54,0,0
BRDA:519,55,0,0
BRDA:519,55,1,0
BRDA:528,56,0,0
BRDA:539,57,0,0
BRDA:544,58,0,0
BRDA:557,59,0,0
BRDA:557,59,1,0
BRDA:557,60,0,0
BRDA:557,60,1,0
BRDA:562,61,0,0
BRDA:569,62,0,0
BRDA:577,63,0,0
BRDA:585,64,0,0
BRDA:593,65,0,0
BRF:93
BRH:0
end_of_record
TN:
SF:src/services/TextMateService.ts
FN:23,(anonymous_13)
FN:27,(anonymous_14)
FN:35,(anonymous_15)
FN:36,(anonymous_16)
FN:38,(anonymous_17)
FN:58,(anonymous_18)
FN:300,(anonymous_19)
FN:308,(anonymous_20)
FN:320,(anonymous_21)
FN:331,(anonymous_22)
FN:344,(anonymous_23)
FN:348,(anonymous_24)
FNF:12
FNH:0
FNDA:0,(anonymous_13)
FNDA:0,(anonymous_14)
FNDA:0,(anonymous_15)
FNDA:0,(anonymous_16)
FNDA:0,(anonymous_17)
FNDA:0,(anonymous_18)
FNDA:0,(anonymous_19)
FNDA:0,(anonymous_20)
FNDA:0,(anonymous_21)
FNDA:0,(anonymous_22)
FNDA:0,(anonymous_23)
FNDA:0,(anonymous_24)
DA:1,0
DA:2,0
DA:3,0
DA:4,0
DA:5,0
DA:6,0
DA:18,0
DA:19,0
DA:20,0
DA:21,0
DA:24,0
DA:28,0
DA:30,0
DA:33,0
DA:35,0
DA:36,0
DA:39,0
DA:40,0
DA:42,0
DA:47,0
DA:49,0
DA:50,0
DA:53,0
DA:54,0
DA:59,0
DA:297,0
DA:301,0
DA:302,0
DA:305,0
DA:308,0
DA:309,0
DA:317,0
DA:321,0
DA:323,0
DA:324,0
DA:326,0
DA:327,0
DA:332,0
DA:333,0
DA:335,0
DA:336,0
DA:337,0
DA:339,0
DA:340,0
DA:345,0
DA:349,0
LF:46
LH:0
BRDA:40,0,0,0
BRDA:301,1,0,0
BRDA:308,2,0,0
BRDA:321,3,0,0
BRDA:333,4,0,0
BRF:5
BRH:0
end_of_record
TN:
SF:src/services/UserService.ts
FN:8,(anonymous_2)
FN:10,(anonymous_3)
FN:43,(anonymous_4)
FN:48,(anonymous_5)
FN:53,(anonymous_6)
FN:58,(anonymous_7)
FN:71,(anonymous_8)
FN:89,(anonymous_9)
FN:107,(anonymous_10)
FN:121,(anonymous_11)
FN:134,(anonymous_12)
FN:147,(anonymous_13)
FN:160,(anonymous_14)
FN:173,(anonymous_15)
FN:194,(anonymous_16)
FN:215,(anonymous_17)
FN:222,(anonymous_18)
FNF:17
FNH:0
FNDA:0,(anonymous_2)
FNDA:0,(anonymous_3)
FNDA:0,(anonymous_4)
FNDA:0,(anonymous_5)
FNDA:0,(anonymous_6)
FNDA:0,(anonymous_7)
FNDA:0,(anonymous_8)
FNDA:0,(anonymous_9)
FNDA:0,(anonymous_10)
FNDA:0,(anonymous_11)
FNDA:0,(anonymous_12)
FNDA:0,(anonymous_13)
FNDA:0,(anonymous_14)
FNDA:0,(anonymous_15)
FNDA:0,(anonymous_16)
FNDA:0,(anonymous_17)
FNDA:0,(anonymous_18)
DA:1,0
DA:3,0
DA:4,0
DA:7,0
DA:8,0
DA:16,0
DA:18,0
DA:40,0
DA:44,0
DA:45,0
DA:49,0
DA:50,0
DA:54,0
DA:55,0
DA:62,0
DA:64,0
DA:75,0
DA:77,0
DA:93,0
DA:95,0
DA:112,0
DA:114,0
DA:115,0
DA:117,0
DA:118,0
DA:125,0
DA:127,0
DA:128,0
DA:130,0
DA:131,0
DA:135,0
DA:137,0
DA:148,0
DA:150,0
DA:161,0
DA:163,0
DA:178,0
DA:180,0
DA:181,0
DA:183,0
DA:191,0
DA:195,0
DA:197,0
DA:199,0
DA:216,0
DA:218,0
DA:219,0
DA:228,0
DA:230,0
DA:231,0
DA:233,0
DA:245,0
LF:52
LH:0
BRDA:115,0,0,0
BRDA:128,1,0,0
BRDA:173,2,0,0
BRDA:180,3,0,0
BRDA:180,4,0,0
BRDA:180,5,0,0
BRDA:181,6,0,0
BRDA:181,6,1,0
BRDA:194,7,0,0
BRF:9
BRH:0
end_of_record
TN:
SF:src/services/WorkspaceService.ts
FN:41,(anonymous_4)
FN:47,(anonymous_5)
FN:48,(anonymous_6)
FN:53,(anonymous_7)
FN:58,(anonymous_8)
FN:64,(anonymous_9)
FN:95,(anonymous_10)
FN:119,(anonymous_11)
FN:120,(anonymous_12)
FN:126,(anonymous_13)
FN:130,(anonymous_14)
FN:140,(anonymous_15)
FN:211,(anonymous_16)
FN:234,(anonymous_17)
FN:253,(anonymous_18)
FN:260,(anonymous_19)
FN:267,(anonymous_20)
FN:274,(anonymous_21)
FN:282,(anonymous_22)
FN:286,(anonymous_23)
FN:291,(anonymous_24)
FN:311,(anonymous_25)
FN:312,(anonymous_26)
FN:316,(anonymous_27)
FN:320,(anonymous_28)
FN:321,(anonymous_29)
FN:324,(anonymous_30)
FN:325,(anonymous_31)
FN:328,(anonymous_32)
FN:332,(anonymous_33)
FN:337,(anonymous_34)
FN:338,(anonymous_35)
FN:343,(anonymous_36)
FN:344,(anonymous_37)
FN:355,(anonymous_38)
FNF:35
FNH:0
FNDA:0,(anonymous_4)
FNDA:0,(anonymous_5)
FNDA:0,(anonymous_6)
FNDA:0,(anonymous_7)
FNDA:0,(anonymous_8)
FNDA:0,(anonymous_9)
FNDA:0,(anonymous_10)
FNDA:0,(anonymous_11)
FNDA:0,(anonymous_12)
FNDA:0,(anonymous_13)
FNDA:0,(anonymous_14)
FNDA:0,(anonymous_15)
FNDA:0,(anonymous_16)
FNDA:0,(anonymous_17)
FNDA:0,(anonymous_18)
FNDA:0,(anonymous_19)
FNDA:0,(anonymous_20)
FNDA:0,(anonymous_21)
FNDA:0,(anonymous_22)
FNDA:0,(anonymous_23)
FNDA:0,(anonymous_24)
FNDA:0,(anonymous_25)
FNDA:0,(anonymous_26)
FNDA:0,(anonymous_27)
FNDA:0,(anonymous_28)
FNDA:0,(anonymous_29)
FNDA:0,(anonymous_30)
FNDA:0,(anonymous_31)
FNDA:0,(anonymous_32)
FNDA:0,(anonymous_33)
FNDA:0,(anonymous_34)
FNDA:0,(anonymous_35)
FNDA:0,(anonymous_36)
FNDA:0,(anonymous_37)
FNDA:0,(anonymous_38)
DA:1,0
DA:2,0
DA:3,0
DA:35,0
DA:36,0
DA:37,0
DA:38,0
DA:39,0
DA:42,0
DA:44,0
DA:48,0
DA:49,0
DA:50,0
DA:53,0
DA:54,0
DA:55,0
DA:58,0
DA:59,0
DA:60,0
DA:65,0
DA:66,0
DA:69,0
DA:70,0
DA:73,0
DA:82,0
DA:84,0
DA:90,0
DA:91,0
DA:96,0
DA:97,0
DA:99,0
DA:108,0
DA:111,0
DA:112,0
DA:115,0
DA:116,0
DA:120,0
DA:121,0
DA:122,0
DA:123,0
DA:126,0
DA:129,0
DA:130,0
DA:131,0
DA:132,0
DA:136,0
DA:142,0
DA:145,0
DA:208,0
DA:212,0
DA:213,0
DA:216,0
DA:218,0
DA:230,0
DA:231,0
DA:235,0
DA:238,0
DA:240,0
DA:249,0
DA:250,0
DA:255,0
DA:257,0
DA:262,0
DA:264,0
DA:269,0
DA:271,0
DA:276,0
DA:278,0
DA:283,0
DA:287,0
DA:288,0
DA:292,0
DA:308,0
DA:312,0
DA:317,0
DA:321,0
DA:325,0
DA:329,0
DA:333,0
DA:338,0
DA:339,0
DA:344,0
DA:345,0
DA:348,0
DA:349,0
DA:352,0
DA:356,0
DA:357,0
DA:358,0
DA:360,0
LF:90
LH:0
BRDA:95,0,0,0
BRDA:111,1,0,0
BRDA:121,2,0,0
BRDA:129,3,0,0
BRDA:131,4,0,0
BRDA:211,5,0,0
BRDA:283,6,0,0
BRDA:283,6,1,0
BRDA:288,7,0,0
BRDA:288,7,1,0
BRDA:308,8,0,0
BRDA:308,8,1,0
BRDA:348,9,0,0
BRDA:357,10,0,0
BRF:14
BRH:0
end_of_record
TN:
SF:src/utils/accessibility.ts
FN:13,createAriaLiveRegion
FN:30,(anonymous_1)
FN:39,(anonymous_2)
FN:44,(anonymous_3)
FN:57,makeIconButtonAccessible
FN:88,(anonymous_5)
FN:100,createAccessibleTooltip
FN:132,(anonymous_7)
FN:137,(anonymous_8)
FN:171,(anonymous_9)
FN:178,(anonymous_10)
FN:191,(anonymous_11)
FN:204,createFocusTrap
FN:214,(anonymous_13)
FN:217,(anonymous_14)
FN:220,(anonymous_15)
FN:251,(anonymous_16)
FN:260,addListKeyboardNavigation
FN:272,(anonymous_18)
FN:276,(anonymous_19)
FN:305,(anonymous_20)
FN:343,(anonymous_21)
FN:348,(anonymous_22)
FN:358,(anonymous_23)
FN:362,(anonymous_24)
FN:372,(anonymous_25)
FN:376,(anonymous_26)
FN:379,(anonymous_27)
FNF:28
FNH:0
FNDA:0,createAriaLiveRegion
FNDA:0,(anonymous_1)
FNDA:0,(anonymous_2)
FNDA:0,(anonymous_3)
FNDA:0,makeIconButtonAccessible
FNDA:0,(anonymous_5)
FNDA:0,createAccessibleTooltip
FNDA:0,(anonymous_7)
FNDA:0,(anonymous_8)
FNDA:0,(anonymous_9)
FNDA:0,(anonymous_10)
FNDA:0,(anonymous_11)
FNDA:0,createFocusTrap
FNDA:0,(anonymous_13)
FNDA:0,(anonymous_14)
FNDA:0,(anonymous_15)
FNDA:0,(anonymous_16)
FNDA:0,addListKeyboardNavigation
FNDA:0,(anonymous_18)
FNDA:0,(anonymous_19)
FNDA:0,(anonymous_20)
FNDA:0,(anonymous_21)
FNDA:0,(anonymous_22)
FNDA:0,(anonymous_23)
FNDA:0,(anonymous_24)
FNDA:0,(anonymous_25)
FNDA:0,(anonymous_26)
FNDA:0,(anonymous_27)
DA:13,0
DA:14,0
DA:15,0
DA:16,0
DA:17,0
DA:18,0
DA:25,0
DA:27,0
DA:29,0
DA:31,0
DA:32,0
DA:35,0
DA:36,0
DA:39,0
DA:40,0
DA:45,0
DA:46,0
DA:47,0
DA:49,0
DA:57,0
DA:66,0
DA:67,0
DA:69,0
DA:70,0
DA:73,0
DA:74,0
DA:77,0
DA:78,0
DA:82,0
DA:83,0
DA:87,0
DA:88,0
DA:89,0
DA:90,0
DA:91,0
DA:100,0
DA:108,0
DA:109,0
DA:110,0
DA:111,0
DA:112,0
DA:113,0
DA:114,0
DA:128,0
DA:130,0
DA:132,0
DA:133,0
DA:134,0
DA:137,0
DA:138,0
DA:140,0
DA:141,0
DA:143,0
DA:144,0
DA:146,0
DA:148,0
DA:149,0
DA:150,0
DA:152,0
DA:153,0
DA:154,0
DA:156,0
DA:157,0
DA:158,0
DA:160,0
DA:161,0
DA:162,0
DA:165,0
DA:166,0
DA:167,0
DA:171,0
DA:172,0
DA:173,0
DA:174,0
DA:177,0
DA:178,0
DA:179,0
DA:180,0
DA:185,0
DA:186,0
DA:187,0
DA:188,0
DA:191,0
DA:192,0
DA:193,0
DA:194,0
DA:195,0
DA:196,0
DA:197,0
DA:204,0
DA:205,0
DA:214,0
DA:215,0
DA:217,0
DA:220,0
DA:221,0
DA:223,0
DA:224,0
DA:226,0
DA:227,0
DA:229,0
DA:230,0
DA:231,0
DA:232,0
DA:233,0
DA:234,0
DA:239,0
DA:242,0
DA:245,0
DA:246,0
DA:247,0
DA:251,0
DA:252,0
DA:253,0
DA:260,0
DA:269,0
DA:270,0
DA:272,0
DA:273,0
DA:276,0
DA:277,0
DA:278,0
DA:281,0
DA:282,0
DA:283,0
DA:287,0
DA:288,0
DA:290,0
DA:293,0
DA:296,0
DA:297,0
DA:298,0
DA:299,0
DA:302,0
DA:305,0
DA:306,0
DA:307,0
DA:309,0
DA:311,0
DA:312,0
DA:313,0
DA:316,0
DA:317,0
DA:318,0
DA:321,0
DA:322,0
DA:323,0
DA:326,0
DA:327,0
DA:328,0
DA:332,0
DA:333,0
DA:334,0
DA:336,0
DA:341,0
DA:342,0
DA:343,0
DA:344,0
DA:345,0
DA:348,0
DA:349,0
DA:350,0
DA:355,0
DA:358,0
DA:359,0
DA:360,0
DA:361,0
DA:362,0
DA:363,0
DA:364,0
DA:372,0
DA:373,0
DA:375,0
DA:377,0
DA:380,0
DA:388,0
LF:176
LH:0
BRDA:30,0,0,0
BRDA:31,1,0,0
BRDA:45,2,0,0
BRDA:69,3,0,0
BRDA:73,4,0,0
BRDA:77,5,0,0
BRDA:82,6,0,0
BRDA:87,7,0,0
BRDA:89,8,0,0
BRDA:89,9,0,0
BRDA:89,9,1,0
BRDA:133,10,0,0
BRDA:146,11,0,0
BRDA:146,11,1,0
BRDA:146,11,2,0
BRDA:146,11,3,0
BRDA:146,12,0,0
BRDA:146,12,1,0
BRDA:168,13,0,0
BRDA:168,13,1,0
BRDA:172,14,0,0
BRDA:179,15,0,0
BRDA:221,16,0,0
BRDA:224,17,0,0
BRDA:229,18,0,0
BRDA:229,18,1,0
BRDA:229,19,0,0
BRDA:229,19,1,0
BRDA:232,20,0,0
BRDA:232,21,0,0
BRDA:232,21,1,0
BRDA:246,22,0,0
BRDA:269,23,0,0
BRDA:269,23,1,0
BRDA:278,24,0,0
BRDA:281,25,0,0
BRDA:281,26,0,0
BRDA:281,26,1,0
BRDA:287,27,0,0
BRDA:287,27,1,0
BRDA:307,28,0,0
BRDA:309,29,0,0
BRDA:309,29,1,0
BRDA:309,29,2,0
BRDA:309,29,3,0
BRDA:309,29,4,0
BRDA:309,29,5,0
BRDA:333,30,0,0
BRDA:333,31,0,0
BRDA:333,31,1,0
BRDA:345,32,0,0
BRDA:345,32,1,0
BRF:52
BRH:0
end_of_record
TN:
SF:src/utils/sunscript-language.ts
FN:3,registerSunScriptLanguage
FNF:1
FNH:0
FNDA:0,registerSunScriptLanguage
DA:1,0
DA:3,0
DA:5,0
DA:8,0
DA:37,0
DA:141,0
LF:6
LH:0
BRF:0
BRH:0
end_of_record
